
============================================================
[2026-06-11 08:58:15] Chat Server Started
============================================================

[2026-06-11 08:58:15] SERVER | Server started on ws://0.0.0.0:8765
[2026-06-11 09:09:22] CONNECT | Player connected | ID: 9a86f12c-bac5-420b-b234-45c7d1ec906e | Username: Player_9a86f12c | Total online: 1
[2026-06-11 09:11:12] DISCONNECT | Player disconnected | ID: 9a86f12c-bac5-420b-b234-45c7d1ec906e | Username: WF13XGNGD93ML8Z | Total online: 0
[2026-06-11 09:11:19] CONNECT | Player connected | ID: 90d02756-df15-46fc-9883-758064b9dc5b | Username: Player_90d02756 | Total online: 1
[2026-06-11 09:11:20] DISCONNECT | Player disconnected | ID: 90d02756-df15-46fc-9883-758064b9dc5b | Username: Player | Total online: 0
[2026-06-11 09:41:13] CONNECT | Player connected | ID: cb4c40c9-aef9-43f3-b1b1-fbcf724b02d3 | Username: Player_cb4c40c9 | Total online: 1
[2026-06-11 09:42:15] CONNECT | Player connected | ID: 5103950c-0ed8-4168-883c-6ccd11c03fbb | Username: Player_5103950c | Total online: 2
[2026-06-11 09:42:33] DISCONNECT | Player disconnected | ID: 5103950c-0ed8-4168-883c-6ccd11c03fbb | Username: Linux | Total online: 1
[2026-06-11 09:42:33] CONNECT | Player connected | ID: c30638d0-7b8f-46ba-83ed-8075fe1f29eb | Username: Player_c30638d0 | Total online: 2
[2026-06-11 09:43:23] DISCONNECT | Player disconnected | ID: cb4c40c9-aef9-43f3-b1b1-fbcf724b02d3 | Username: jerrynsk | Total online: 1
[2026-06-11 09:43:42] MESSAGE | Linux | 1
[2026-06-11 10:13:09] DISCONNECT | Player disconnected | ID: c30638d0-7b8f-46ba-83ed-8075fe1f29eb | Username: Linux | Total online: 0
[2026-06-11 10:16:18] CONNECT | Player connected | ID: 9fb49914-2f45-4962-a2fe-84294151d1ea | Username: Player_9fb49914 | Total online: 1
[2026-06-11 10:40:46] DISCONNECT | Player disconnected | ID: 9fb49914-2f45-4962-a2fe-84294151d1ea | Username: Linux | Total online: 0
[2026-06-11 10:50:13] CONNECT | Player connected | ID: c8dc6d12-45f6-44d0-a1f2-1bdacdd45f7c | Username: Player_c8dc6d12 | Total online: 1

============================================================
[2026-06-11 12:17:59] Chat Server Started
============================================================

[2026-06-11 12:18:00] SERVER | Server started on ws://0.0.0.0:8765
[2026-06-11 13:30:26] CONNECT | Player connected | ID: 2b9fb881-55dc-4cd8-a2e7-05ee7c54dd13 | Username: Player_2b9fb881 | Total online: 1
[2026-06-11 13:31:37] DISCONNECT | Player disconnected | ID: 2b9fb881-55dc-4cd8-a2e7-05ee7c54dd13 | Username: Linux | Total online: 0
[2026-06-11 15:41:48] CONNECT | Player connected | ID: 86f8caf2-b331-46e1-b06a-ba97181bf677 | Username: Player_86f8caf2 | Total online: 1
[2026-06-11 15:43:34] DISCONNECT | Player disconnected | ID: 86f8caf2-b331-46e1-b06a-ba97181bf677 | Username: RIP | Total online: 0
[2026-06-11 15:51:15] CONNECT | Player connected | ID: 8b0fa91d-ee35-4905-9cec-ed00e988cf77 | Username: Player_8b0fa91d | Total online: 1
[2026-06-11 15:51:21] DISCONNECT | Player disconnected | ID: 8b0fa91d-ee35-4905-9cec-ed00e988cf77 | Username: RIP | Total online: 0
[2026-06-11 17:36:17] CONNECT | Player connected | ID: 2bb3f485-69a7-4588-867d-681a47fd69df | Username: Player_2bb3f485 | Total online: 1
[2026-06-11 17:38:51] DISCONNECT | Player disconnected | ID: 2bb3f485-69a7-4588-867d-681a47fd69df | Username: DESKTOP | Total online: 0
[2026-06-11 17:38:54] CONNECT | Player connected | ID: 50f8b182-e55d-4522-9b2c-535581dbc02f | Username: Player_50f8b182 | Total online: 1
[2026-06-11 17:43:07] DISCONNECT | Player disconnected | ID: 50f8b182-e55d-4522-9b2c-535581dbc02f | Username: DESKTOP | Total online: 0
[2026-06-11 17:43:12] CONNECT | Player connected | ID: 0260689d-a395-40f9-8dec-7dc3a8bff629 | Username: Player_0260689d | Total online: 1
[2026-06-11 17:45:18] DISCONNECT | Player disconnected | ID: 0260689d-a395-40f9-8dec-7dc3a8bff629 | Username: DESKTOP | Total online: 0
[2026-06-11 17:45:22] CONNECT | Player connected | ID: 5a3716ac-3e26-4258-903b-b2a4b9b501a6 | Username: Player_5a3716ac | Total online: 1
[2026-06-11 17:45:31] DISCONNECT | Player disconnected | ID: 5a3716ac-3e26-4258-903b-b2a4b9b501a6 | Username: DESKTOP | Total online: 0
[2026-06-11 19:45:05] CONNECT | Player connected | ID: 856e7d4b-b822-4590-b556-0384222d135c | Username: Player_856e7d4b | Total online: 1
[2026-06-11 19:46:07] DISCONNECT | Player disconnected | ID: 856e7d4b-b822-4590-b556-0384222d135c | Username: DESKTOP | Total online: 0
[2026-06-11 20:57:59] CONNECT | Player connected | ID: 61c52a6f-5723-4781-b9cc-ebe87ac752ae | Username: Player_61c52a6f | Total online: 1
[2026-06-11 21:00:45] DISCONNECT | Player disconnected | ID: 61c52a6f-5723-4781-b9cc-ebe87ac752ae | Username: WIN | Total online: 0
[2026-06-11 21:00:48] CONNECT | Player connected | ID: cbd88c68-3c69-4bf8-870f-d34c7af1b780 | Username: Player_cbd88c68 | Total online: 1
[2026-06-11 21:01:00] DISCONNECT | Player disconnected | ID: cbd88c68-3c69-4bf8-870f-d34c7af1b780 | Username: WIN | Total online: 0
[2026-06-11 21:37:11] CONNECT | Player connected | ID: b0fa5293-67da-4e4c-8876-2e4c9c44958b | Username: Player_b0fa5293 | Total online: 1
[2026-06-11 21:39:33] DISCONNECT | Player disconnected | ID: b0fa5293-67da-4e4c-8876-2e4c9c44958b | Username: DESKTOP | Total online: 0
[2026-06-11 21:39:37] CONNECT | Player connected | ID: 0168ba00-fb08-4e37-a873-5b760d9be008 | Username: Player_0168ba00 | Total online: 1
[2026-06-11 21:39:42] DISCONNECT | Player disconnected | ID: 0168ba00-fb08-4e37-a873-5b760d9be008 | Username: Player | Total online: 0
[2026-06-11 21:39:44] CONNECT | Player connected | ID: c828507a-598b-4364-b1cb-421416026abe | Username: Player_c828507a | Total online: 1
[2026-06-11 21:42:14] DISCONNECT | Player disconnected | ID: c828507a-598b-4364-b1cb-421416026abe | Username: AspionX | Total online: 0
[2026-06-11 21:42:18] CONNECT | Player connected | ID: 9e747e80-9dc4-48f9-b504-feb791bf2a9f | Username: Player_9e747e80 | Total online: 1
[2026-06-11 21:42:50] DISCONNECT | Player disconnected | ID: 9e747e80-9dc4-48f9-b504-feb791bf2a9f | Username: AspionX | Total online: 0
[2026-06-11 21:45:03] CONNECT | Player connected | ID: acd2cdae-8c98-4ea2-9f41-aeaf7d328a8b | Username: Player_acd2cdae | Total online: 1
[2026-06-11 21:46:00] DISCONNECT | Player disconnected | ID: acd2cdae-8c98-4ea2-9f41-aeaf7d328a8b | Username: AspionX | Total online: 0
[2026-06-11 21:57:19] CONNECT | Player connected | ID: bdd347c3-5a60-47d3-a187-8e92502ffd45 | Username: Player_bdd347c3 | Total online: 1
[2026-06-11 21:57:46] DISCONNECT | Player disconnected | ID: bdd347c3-5a60-47d3-a187-8e92502ffd45 | Username: AspionX | Total online: 0
[2026-06-11 22:06:48] CONNECT | Player connected | ID: 3b5f4334-8b36-4078-9a73-8a07b0a31df4 | Username: Player_3b5f4334 | Total online: 1
[2026-06-11 22:08:31] CONNECT | Player connected | ID: f087ce57-667e-4d63-8c2c-2f7f2bffbebc | Username: Player_f087ce57 | Total online: 2
[2026-06-11 22:08:38] DISCONNECT | Player disconnected | ID: f087ce57-667e-4d63-8c2c-2f7f2bffbebc | Username: AspionX | Total online: 1
[2026-06-11 22:09:31] DISCONNECT | Player disconnected | ID: 3b5f4334-8b36-4078-9a73-8a07b0a31df4 | Username: miop | Total online: 0
[2026-06-11 23:21:24] CONNECT | Player connected | ID: 70eac739-0c0d-42a0-a5ba-bcafab0fe4bc | Username: Player_70eac739 | Total online: 1
[2026-06-11 23:22:35] DISCONNECT | Player disconnected | ID: 70eac739-0c0d-42a0-a5ba-bcafab0fe4bc | Username: miop | Total online: 0
[2026-06-11 23:22:59] CONNECT | Player connected | ID: 245ed408-664c-4278-861f-84299bee7e0b | Username: Player_245ed408 | Total online: 1
[2026-06-11 23:23:18] MESSAGE | miop | hi
[2026-06-11 23:23:20] CONNECT | Player connected | ID: c99b661b-cc76-4a31-8b62-4df22663dc1e | Username: Player_c99b661b | Total online: 2
[2026-06-11 23:23:41] DISCONNECT | Player disconnected | ID: 245ed408-664c-4278-861f-84299bee7e0b | Username: miop | Total online: 1
[2026-06-11 23:23:58] DISCONNECT | Player disconnected | ID: c99b661b-cc76-4a31-8b62-4df22663dc1e | Username: BF | Total online: 0
[2026-06-11 23:25:45] CONNECT | Player connected | ID: 46c194b0-37b8-41de-a7ac-c34ddf04e51d | Username: Player_46c194b0 | Total online: 1
[2026-06-11 23:26:29] DISCONNECT | Player disconnected | ID: 46c194b0-37b8-41de-a7ac-c34ddf04e51d | Username: BF | Total online: 0
[2026-06-11 23:27:41] CONNECT | Player connected | ID: c2d47d5c-3f4b-4bfe-a6ed-5b12f5c3ca3b | Username: Player_c2d47d5c | Total online: 1
[2026-06-11 23:28:41] DISCONNECT | Player disconnected | ID: c2d47d5c-3f4b-4bfe-a6ed-5b12f5c3ca3b | Username: BF | Total online: 0
[2026-06-11 23:30:33] CONNECT | Player connected | ID: b7e26c98-efa6-44f5-9695-0e7ccd690141 | Username: Player_b7e26c98 | Total online: 1
[2026-06-11 23:32:32] DISCONNECT | Player disconnected | ID: b7e26c98-efa6-44f5-9695-0e7ccd690141 | Username: BF | Total online: 0
[2026-06-11 23:32:38] CONNECT | Player connected | ID: 22ec947b-0f25-42e9-87f6-db6cdeb875f8 | Username: Player_22ec947b | Total online: 1
[2026-06-11 23:34:55] DISCONNECT | Player disconnected | ID: 22ec947b-0f25-42e9-87f6-db6cdeb875f8 | Username: BF | Total online: 0
[2026-06-11 23:35:05] CONNECT | Player connected | ID: fc3f0634-7e02-4b2f-a881-4f31e85e1773 | Username: Player_fc3f0634 | Total online: 1
[2026-06-11 23:36:36] DISCONNECT | Player disconnected | ID: fc3f0634-7e02-4b2f-a881-4f31e85e1773 | Username: BF | Total online: 0
[2026-06-11 23:37:35] CONNECT | Player connected | ID: 1754437d-47d6-4a08-9349-23c38b1a0fca | Username: Player_1754437d | Total online: 1
[2026-06-11 23:39:51] DISCONNECT | Player disconnected | ID: 1754437d-47d6-4a08-9349-23c38b1a0fca | Username: BF | Total online: 0
[2026-06-11 23:39:57] CONNECT | Player connected | ID: 17a3f02e-6dd6-4ef9-a374-3b844dcb705b | Username: Player_17a3f02e | Total online: 1
[2026-06-11 23:40:00] DISCONNECT | Player disconnected | ID: 17a3f02e-6dd6-4ef9-a374-3b844dcb705b | Username: BF | Total online: 0
[2026-06-12 00:13:30] CONNECT | Player connected | ID: 9d3a2cea-d34f-4ce4-9d0e-88f4fb1e449e | Username: Player_9d3a2cea | Total online: 1
[2026-06-12 00:13:40] DISCONNECT | Player disconnected | ID: 9d3a2cea-d34f-4ce4-9d0e-88f4fb1e449e | Username: UserId | Total online: 0
[2026-06-12 00:25:33] CONNECT | Player connected | ID: 6207feca-cca2-4507-91da-e0c590f58c43 | Username: Player_6207feca | Total online: 1
[2026-06-12 00:25:37] DISCONNECT | Player disconnected | ID: 6207feca-cca2-4507-91da-e0c590f58c43 | Username: UserId | Total online: 0
[2026-06-12 00:36:34] CONNECT | Player connected | ID: fe5558cb-604d-4f17-8c45-9154b29d5a18 | Username: Player_fe5558cb | Total online: 1
[2026-06-12 00:37:17] DISCONNECT | Player disconnected | ID: fe5558cb-604d-4f17-8c45-9154b29d5a18 | Username: RIP | Total online: 0
[2026-06-12 00:38:03] CONNECT | Player connected | ID: b8874e00-3084-4306-9258-d7c48cb759a0 | Username: Player_b8874e00 | Total online: 1
[2026-06-12 00:38:50] DISCONNECT | Player disconnected | ID: b8874e00-3084-4306-9258-d7c48cb759a0 | Username: RIP | Total online: 0
[2026-06-12 00:44:44] CONNECT | Player connected | ID: bac3d972-325f-4008-9faa-75d507be9f34 | Username: Player_bac3d972 | Total online: 1
[2026-06-12 00:46:55] DISCONNECT | Player disconnected | ID: bac3d972-325f-4008-9faa-75d507be9f34 | Username: RIP | Total online: 0
[2026-06-12 00:52:06] CONNECT | Player connected | ID: 86d1c87f-a9bc-4b65-b56e-0d9bd74b5dfc | Username: Player_86d1c87f | Total online: 1
[2026-06-12 00:55:17] DISCONNECT | Player disconnected | ID: 86d1c87f-a9bc-4b65-b56e-0d9bd74b5dfc | Username: RIP | Total online: 0
[2026-06-12 01:00:07] CONNECT | Player connected | ID: d94f4100-37cf-47a3-94d1-c0060f3cbd73 | Username: Player_d94f4100 | Total online: 1
[2026-06-12 01:01:03] DISCONNECT | Player disconnected | ID: d94f4100-37cf-47a3-94d1-c0060f3cbd73 | Username: RIP | Total online: 0
[2026-06-12 01:31:59] CONNECT | Player connected | ID: b200f871-077d-44ec-b068-1f206ed3a93d | Username: Player_b200f871 | Total online: 1
[2026-06-12 01:32:01] DISCONNECT | Player disconnected | ID: b200f871-077d-44ec-b068-1f206ed3a93d | Username: Player | Total online: 0
[2026-06-12 01:33:05] CONNECT | Player connected | ID: 44cfafca-bdda-446a-9768-fa006ce02eaa | Username: Player_44cfafca | Total online: 1
[2026-06-12 01:34:24] DISCONNECT | Player disconnected | ID: 44cfafca-bdda-446a-9768-fa006ce02eaa | Username: RIP | Total online: 0
[2026-06-12 01:39:45] CONNECT | Player connected | ID: 3b4c2f82-7e54-4440-bf5c-aa2da3f6ffe7 | Username: Player_3b4c2f82 | Total online: 1
[2026-06-12 01:41:23] DISCONNECT | Player disconnected | ID: 3b4c2f82-7e54-4440-bf5c-aa2da3f6ffe7 | Username: RIP | Total online: 0
[2026-06-12 01:45:06] CONNECT | Player connected | ID: 78c3bf45-1dbe-4bb2-9ac8-a66a397d3815 | Username: Player_78c3bf45 | Total online: 1
[2026-06-12 01:47:53] DISCONNECT | Player disconnected | ID: 78c3bf45-1dbe-4bb2-9ac8-a66a397d3815 | Username: MiPro778G | Total online: 0
[2026-06-12 01:48:14] CONNECT | Player connected | ID: e6ff31ba-6faf-47f9-9e6a-f29a60411fc6 | Username: Player_e6ff31ba | Total online: 1
[2026-06-12 01:48:54] MESSAGE | MiPro778G | 111
[2026-06-12 01:50:08] DISCONNECT | Player disconnected | ID: e6ff31ba-6faf-47f9-9e6a-f29a60411fc6 | Username: MiPro778G | Total online: 0
[2026-06-12 01:53:50] CONNECT | Player connected | ID: 3e857b3e-1029-43f0-8a52-9eb5ff2da567 | Username: Player_3e857b3e | Total online: 1
[2026-06-12 01:54:47] DISCONNECT | Player disconnected | ID: 3e857b3e-1029-43f0-8a52-9eb5ff2da567 | Username: RIP | Total online: 0
[2026-06-12 02:04:05] CONNECT | Player connected | ID: c4cb54d8-ea86-406e-80b6-34125d5672a6 | Username: Player_c4cb54d8 | Total online: 1
[2026-06-12 02:05:39] DISCONNECT | Player disconnected | ID: c4cb54d8-ea86-406e-80b6-34125d5672a6 | Username: RIP | Total online: 0
[2026-06-12 02:11:12] CONNECT | Player connected | ID: fd6ecd14-dd9d-4318-9366-51bbdbbf615f | Username: Player_fd6ecd14 | Total online: 1
[2026-06-12 02:12:45] DISCONNECT | Player disconnected | ID: fd6ecd14-dd9d-4318-9366-51bbdbbf615f | Username: RIP | Total online: 0
[2026-06-12 02:14:35] CONNECT | Player connected | ID: 9f83baa1-c912-4778-ada4-1ed31308a3fc | Username: Player_9f83baa1 | Total online: 1
[2026-06-12 02:15:22] DISCONNECT | Player disconnected | ID: 9f83baa1-c912-4778-ada4-1ed31308a3fc | Username: RIP | Total online: 0
[2026-06-12 02:21:36] CONNECT | Player connected | ID: 06ad87ed-4e89-43df-8097-b4c95769f4ac | Username: Player_06ad87ed | Total online: 1
[2026-06-12 02:22:31] CONNECT | Player connected | ID: 457e16cd-4c0a-4ea9-ab74-ac874555475c | Username: Player_457e16cd | Total online: 2
[2026-06-12 02:23:08] DISCONNECT | Player disconnected | ID: 06ad87ed-4e89-43df-8097-b4c95769f4ac | Username: RIP | Total online: 1
[2026-06-12 02:23:18] MESSAGE | DESKTOP | yo
[2026-06-12 02:23:59] DISCONNECT | Player disconnected | ID: 457e16cd-4c0a-4ea9-ab74-ac874555475c | Username: DESKTOP | Total online: 0
[2026-06-12 02:27:28] CONNECT | Player connected | ID: 1ec3f1a9-a770-4086-8fc7-71fef4de0114 | Username: Player_1ec3f1a9 | Total online: 1
[2026-06-12 02:27:58] DISCONNECT | Player disconnected | ID: 1ec3f1a9-a770-4086-8fc7-71fef4de0114 | Username: DESKTOP | Total online: 0
[2026-06-12 02:36:13] CONNECT | Player connected | ID: 54bc62e0-6f2f-48ec-96e9-ecc1aa4d2f0c | Username: Player_54bc62e0 | Total online: 1
[2026-06-12 02:36:16] DISCONNECT | Player disconnected | ID: 54bc62e0-6f2f-48ec-96e9-ecc1aa4d2f0c | Username: Player_54bc62e0 | Total online: 0
[2026-06-12 02:48:10] CONNECT | Player connected | ID: f8bf99f2-5eac-456f-a641-dfff7c7303cf | Username: Player_f8bf99f2 | Total online: 1
[2026-06-12 02:48:15] DISCONNECT | Player disconnected | ID: f8bf99f2-5eac-456f-a641-dfff7c7303cf | Username: RIP | Total online: 0
[2026-06-12 02:53:11] CONNECT | Player connected | ID: a6b25737-d40e-4a87-9242-5fbf903a0fc9 | Username: Player_a6b25737 | Total online: 1
[2026-06-12 02:54:03] DISCONNECT | Player disconnected | ID: a6b25737-d40e-4a87-9242-5fbf903a0fc9 | Username: RIP | Total online: 0
[2026-06-12 03:27:35] CONNECT | Player connected | ID: 4a6ba1d5-0afd-465e-bd12-6339f7a695ac | Username: Player_4a6ba1d5 | Total online: 1
[2026-06-12 03:27:44] DISCONNECT | Player disconnected | ID: 4a6ba1d5-0afd-465e-bd12-6339f7a695ac | Username: RIP | Total online: 0
[2026-06-12 03:46:32] CONNECT | Player connected | ID: ed404848-20fd-4db2-99de-3516be31ab89 | Username: Player_ed404848 | Total online: 1
[2026-06-12 03:46:36] DISCONNECT | Player disconnected | ID: ed404848-20fd-4db2-99de-3516be31ab89 | Username: RIP | Total online: 0
[2026-06-12 04:51:24] CONNECT | Player connected | ID: 566110d9-ca2a-4a27-b3b4-e51d233748ab | Username: Player_566110d9 | Total online: 1
[2026-06-12 04:51:28] DISCONNECT | Player disconnected | ID: 566110d9-ca2a-4a27-b3b4-e51d233748ab | Username: RIP | Total online: 0
[2026-06-12 05:15:34] CONNECT | Player connected | ID: be52dc77-00d8-4eba-960e-55bb4e92bf94 | Username: Player_be52dc77 | Total online: 1
[2026-06-12 05:15:40] DISCONNECT | Player disconnected | ID: be52dc77-00d8-4eba-960e-55bb4e92bf94 | Username: RIP | Total online: 0
[2026-06-12 05:18:46] CONNECT | Player connected | ID: bc707634-f107-433b-9a8f-5e20bb92581e | Username: Player_bc707634 | Total online: 1
[2026-06-12 05:18:49] DISCONNECT | Player disconnected | ID: bc707634-f107-433b-9a8f-5e20bb92581e | Username: Player_bc707634 | Total online: 0
[2026-06-12 05:21:38] CONNECT | Player connected | ID: a424a07b-6886-4a68-86ab-95d5ec3c72eb | Username: Player_a424a07b | Total online: 1
[2026-06-12 05:21:43] DISCONNECT | Player disconnected | ID: a424a07b-6886-4a68-86ab-95d5ec3c72eb | Username: RIP | Total online: 0
[2026-06-12 06:35:55] CONNECT | Player connected | ID: 35831e18-6f5d-44f6-9b94-2f055c6c0a12 | Username: Player_35831e18 | Total online: 1
[2026-06-12 06:36:05] DISCONNECT | Player disconnected | ID: 35831e18-6f5d-44f6-9b94-2f055c6c0a12 | Username: RIP | Total online: 0
[2026-06-12 06:45:18] CONNECT | Player connected | ID: d2b25589-561c-42cd-ac6e-8a889e6edbbd | Username: Player_d2b25589 | Total online: 1
[2026-06-12 06:45:22] DISCONNECT | Player disconnected | ID: d2b25589-561c-42cd-ac6e-8a889e6edbbd | Username: RIP | Total online: 0
[2026-06-12 06:49:55] CONNECT | Player connected | ID: 256764eb-7545-4979-8d18-7b0d1e45eb03 | Username: Player_256764eb | Total online: 1
[2026-06-12 06:50:11] DISCONNECT | Player disconnected | ID: 256764eb-7545-4979-8d18-7b0d1e45eb03 | Username: RIP | Total online: 0
[2026-06-12 06:56:15] CONNECT | Player connected | ID: 1ae8315a-95e3-4915-9344-c415fb125da1 | Username: Player_1ae8315a | Total online: 1
[2026-06-12 06:56:19] DISCONNECT | Player disconnected | ID: 1ae8315a-95e3-4915-9344-c415fb125da1 | Username: RIP | Total online: 0
[2026-06-12 07:06:52] CONNECT | Player connected | ID: de0b01ad-2d34-451f-b1a3-9371e5c81dde | Username: Player_de0b01ad | Total online: 1
[2026-06-12 07:08:05] DISCONNECT | Player disconnected | ID: de0b01ad-2d34-451f-b1a3-9371e5c81dde | Username: DESKTOP | Total online: 0
[2026-06-12 12:44:18] CONNECT | Player connected | ID: 12528a93-d197-475e-9133-1608121d15fe | Username: Player_12528a93 | Total online: 1
[2026-06-12 12:45:09] DISCONNECT | Player disconnected | ID: 12528a93-d197-475e-9133-1608121d15fe | Username: DESKTOP | Total online: 0
[2026-06-12 12:49:27] CONNECT | Player connected | ID: 2a7695a4-8e97-44c0-9c8d-eb00cbca7a8d | Username: Player_2a7695a4 | Total online: 1
[2026-06-12 12:51:12] DISCONNECT | Player disconnected | ID: 2a7695a4-8e97-44c0-9c8d-eb00cbca7a8d | Username: DESKTOP | Total online: 0
[2026-06-12 12:52:27] CONNECT | Player connected | ID: 72900456-61fd-4f8a-99ad-f77ad2910b5e | Username: Player_72900456 | Total online: 1
[2026-06-12 12:52:38] DISCONNECT | Player disconnected | ID: 72900456-61fd-4f8a-99ad-f77ad2910b5e | Username: DESKTOP | Total online: 0
[2026-06-12 14:07:14] CONNECT | Player connected | ID: 3f40dc77-cc88-449b-9c20-12c134dc4bcc | Username: Player_3f40dc77 | Total online: 1
[2026-06-12 14:09:27] DISCONNECT | Player disconnected | ID: 3f40dc77-cc88-449b-9c20-12c134dc4bcc | Username: DESKTOP | Total online: 0
[2026-06-12 14:09:31] CONNECT | Player connected | ID: 1e1deb8f-73b0-4a78-9e9f-7962fa1628f4 | Username: Player_1e1deb8f | Total online: 1
[2026-06-12 14:10:11] DISCONNECT | Player disconnected | ID: 1e1deb8f-73b0-4a78-9e9f-7962fa1628f4 | Username: DESKTOP | Total online: 0
[2026-06-12 14:20:27] CONNECT | Player connected | ID: 66e63f3a-7875-4276-99b8-296b1b9405d2 | Username: Player_66e63f3a | Total online: 1
[2026-06-12 14:21:25] DISCONNECT | Player disconnected | ID: 66e63f3a-7875-4276-99b8-296b1b9405d2 | Username: DESKTOP | Total online: 0
[2026-06-12 14:30:39] CONNECT | Player connected | ID: 038368a5-dcec-40dc-9f73-08b4c75fbfd0 | Username: Player_038368a5 | Total online: 1
[2026-06-12 14:30:58] CONNECT | Player connected | ID: c95b5a80-ecf0-4ecb-a2ad-994dbb885c9a | Username: Player_c95b5a80 | Total online: 2
[2026-06-12 14:31:20] DISCONNECT | Player disconnected | ID: 038368a5-dcec-40dc-9f73-08b4c75fbfd0 | Username: AspionX | Total online: 1
[2026-06-12 14:31:28] DISCONNECT | Player disconnected | ID: c95b5a80-ecf0-4ecb-a2ad-994dbb885c9a | Username: forum8988 | Total online: 0
[2026-06-12 14:32:03] CONNECT | Player connected | ID: cdf48b9a-ad70-4fd6-aefb-df7c65498198 | Username: Player_cdf48b9a | Total online: 1
[2026-06-12 14:32:53] DISCONNECT | Player disconnected | ID: cdf48b9a-ad70-4fd6-aefb-df7c65498198 | Username: AspionX | Total online: 0
[2026-06-12 14:37:47] CONNECT | Player connected | ID: 1a8fd86f-7f68-411e-b231-210d22021748 | Username: Player_1a8fd86f | Total online: 1
[2026-06-12 14:39:37] DISCONNECT | Player disconnected | ID: 1a8fd86f-7f68-411e-b231-210d22021748 | Username: DESKTOP | Total online: 0
[2026-06-12 14:47:21] CONNECT | Player connected | ID: 8117c716-a548-4815-a8dd-0457fca9ebc6 | Username: Player_8117c716 | Total online: 1
[2026-06-12 14:47:37] DISCONNECT | Player disconnected | ID: 8117c716-a548-4815-a8dd-0457fca9ebc6 | Username: AspionX | Total online: 0
[2026-06-12 15:50:00] CONNECT | Player connected | ID: 2ae595cb-4980-46d6-8a07-5234b6e97b80 | Username: Player_2ae595cb | Total online: 1
[2026-06-12 15:50:51] DISCONNECT | Player disconnected | ID: 2ae595cb-4980-46d6-8a07-5234b6e97b80 | Username: LAPTOP | Total online: 0
[2026-06-12 15:51:03] CONNECT | Player connected | ID: 6fbc30da-3205-48a6-b556-1c28e45cc253 | Username: Player_6fbc30da | Total online: 1
[2026-06-12 15:52:48] DISCONNECT | Player disconnected | ID: 6fbc30da-3205-48a6-b556-1c28e45cc253 | Username: LAPTOP | Total online: 0
[2026-06-12 15:52:51] CONNECT | Player connected | ID: 51c9a543-1dc1-4769-961f-d250b980dacd | Username: Player_51c9a543 | Total online: 1
[2026-06-12 15:53:55] DISCONNECT | Player disconnected | ID: 51c9a543-1dc1-4769-961f-d250b980dacd | Username: LAPTOP | Total online: 0
[2026-06-12 15:54:08] CONNECT | Player connected | ID: c7720544-b79d-4f69-b592-728bafbce54a | Username: Player_c7720544 | Total online: 1
[2026-06-12 15:56:08] DISCONNECT | Player disconnected | ID: c7720544-b79d-4f69-b592-728bafbce54a | Username: LAPTOP | Total online: 0
[2026-06-12 15:56:10] CONNECT | Player connected | ID: 400e0d06-6004-4298-9ec2-d0a65b7f8d63 | Username: Player_400e0d06 | Total online: 1
[2026-06-12 15:58:17] DISCONNECT | Player disconnected | ID: 400e0d06-6004-4298-9ec2-d0a65b7f8d63 | Username: LAPTOP | Total online: 0
[2026-06-12 15:58:38] CONNECT | Player connected | ID: 29ef3a79-ed7a-488e-8932-c140da8317a5 | Username: Player_29ef3a79 | Total online: 1
[2026-06-12 15:58:40] DISCONNECT | Player disconnected | ID: 29ef3a79-ed7a-488e-8932-c140da8317a5 | Username: LAPTOP | Total online: 0
[2026-06-12 17:21:29] CONNECT | Player connected | ID: 73e4f61b-ccd8-42b0-b5e4-5c00b46e3e2e | Username: Player_73e4f61b | Total online: 1
[2026-06-12 17:22:06] DISCONNECT | Player disconnected | ID: 73e4f61b-ccd8-42b0-b5e4-5c00b46e3e2e | Username: DESKTOP | Total online: 0
[2026-06-12 17:31:35] CONNECT | Player connected | ID: 7dda1c5b-2334-4d69-aeff-a57463ba3660 | Username: Player_7dda1c5b | Total online: 1
[2026-06-12 17:32:02] DISCONNECT | Player disconnected | ID: 7dda1c5b-2334-4d69-aeff-a57463ba3660 | Username: miop | Total online: 0
[2026-06-12 17:32:49] CONNECT | Player connected | ID: 8e15d60a-63a9-4e59-8d8a-4fd1e599e157 | Username: Player_8e15d60a | Total online: 1
[2026-06-12 17:33:41] DISCONNECT | Player disconnected | ID: 8e15d60a-63a9-4e59-8d8a-4fd1e599e157 | Username: miop | Total online: 0
[2026-06-12 17:33:59] CONNECT | Player connected | ID: c74c9ba3-61fc-4a32-aaf6-44937333b414 | Username: Player_c74c9ba3 | Total online: 1
[2026-06-12 17:34:24] DISCONNECT | Player disconnected | ID: c74c9ba3-61fc-4a32-aaf6-44937333b414 | Username: miop | Total online: 0
[2026-06-12 17:36:28] CONNECT | Player connected | ID: 66e07424-307d-4358-9f8e-ce9361aa27a8 | Username: Player_66e07424 | Total online: 1
[2026-06-12 17:38:22] DISCONNECT | Player disconnected | ID: 66e07424-307d-4358-9f8e-ce9361aa27a8 | Username: miop | Total online: 0
[2026-06-12 17:39:19] CONNECT | Player connected | ID: 804b8a3a-5656-4e26-a8a3-46f59b5629f6 | Username: Player_804b8a3a | Total online: 1
[2026-06-12 17:40:04] DISCONNECT | Player disconnected | ID: 804b8a3a-5656-4e26-a8a3-46f59b5629f6 | Username: miop | Total online: 0
[2026-06-12 17:40:34] CONNECT | Player connected | ID: 3dfd0982-c4d0-45f9-b1f5-5eb41d112e31 | Username: Player_3dfd0982 | Total online: 1
[2026-06-12 17:40:54] MESSAGE | miop | 111
[2026-06-12 17:41:14] DISCONNECT | Player disconnected | ID: 3dfd0982-c4d0-45f9-b1f5-5eb41d112e31 | Username: miop | Total online: 0
[2026-06-12 17:41:32] CONNECT | Player connected | ID: 153546ae-b53c-4dea-b618-96ee9f7850b3 | Username: Player_153546ae | Total online: 1
[2026-06-12 17:43:04] CONNECT | Player connected | ID: dc3ae927-de3c-4588-8efd-50c09298480d | Username: Player_dc3ae927 | Total online: 2
[2026-06-12 17:43:11] MESSAGE | DESKTOP | anyone there ??
[2026-06-12 17:43:16] MESSAGE | DESKTOP | Come to EU server
[2026-06-12 17:43:36] DISCONNECT | Player disconnected | ID: 153546ae-b53c-4dea-b618-96ee9f7850b3 | Username: miop | Total online: 1
[2026-06-12 17:43:39] CONNECT | Player connected | ID: 69964094-cac4-4b38-a908-c046e0a09d6d | Username: Player_69964094 | Total online: 2
[2026-06-12 17:44:04] DISCONNECT | Player disconnected | ID: dc3ae927-de3c-4588-8efd-50c09298480d | Username: AspionX | Total online: 1
[2026-06-12 17:44:09] MESSAGE | miop | OK.
[2026-06-12 17:44:39] DISCONNECT | Player disconnected | ID: 69964094-cac4-4b38-a908-c046e0a09d6d | Username: miop | Total online: 0
[2026-06-12 17:52:17] CONNECT | Player connected | ID: eb642ec7-71ac-41ff-91a5-c55062a0554a | Username: Player_eb642ec7 | Total online: 1
[2026-06-12 17:53:00] MESSAGE | miop | bro byebye
[2026-06-12 18:15:56] CONNECT | Player connected | ID: 15f3a677-1443-4226-9651-4db950784f2c | Username: Player_15f3a677 | Total online: 2
[2026-06-12 18:16:08] DISCONNECT | Player disconnected | ID: 15f3a677-1443-4226-9651-4db950784f2c | Username: DESKTOP | Total online: 1
[2026-06-12 18:16:16] CONNECT | Player connected | ID: 81ff9626-a823-4cc9-8c0e-55a3e5bf2cbb | Username: Player_81ff9626 | Total online: 2
[2026-06-12 18:16:45] DISCONNECT | Player disconnected | ID: 81ff9626-a823-4cc9-8c0e-55a3e5bf2cbb | Username: DESKTOP | Total online: 1
[2026-06-12 18:24:26] CONNECT | Player connected | ID: b04acf77-b9d5-49dc-9c1e-b724914d03e1 | Username: Player_b04acf77 | Total online: 2
[2026-06-12 18:25:05] DISCONNECT | Player disconnected | ID: b04acf77-b9d5-49dc-9c1e-b724914d03e1 | Username: DESKTOP | Total online: 1
[2026-06-12 18:31:34] CONNECT | Player connected | ID: 08e1c5c9-f5ca-47fd-8fa4-18790a8d0d5c | Username: Player_08e1c5c9 | Total online: 2
[2026-06-12 18:32:04] DISCONNECT | Player disconnected | ID: 08e1c5c9-f5ca-47fd-8fa4-18790a8d0d5c | Username: DESKTOP | Total online: 1
[2026-06-12 18:32:30] DISCONNECT | Player disconnected | ID: eb642ec7-71ac-41ff-91a5-c55062a0554a | Username: miop | Total online: 0
[2026-06-12 18:37:59] CONNECT | Player connected | ID: c8c5d4c5-b920-4106-88af-985b5200cee8 | Username: Player_c8c5d4c5 | Total online: 1
[2026-06-12 18:38:45] DISCONNECT | Player disconnected | ID: c8c5d4c5-b920-4106-88af-985b5200cee8 | Username: miop | Total online: 0
[2026-06-12 18:39:48] CONNECT | Player connected | ID: bb7de094-6ee0-43c2-9602-f617bc23a11b | Username: Player_bb7de094 | Total online: 1
[2026-06-12 18:40:01] CONNECT | Player connected | ID: 1cb35fdf-12c7-498e-a25a-a4fe1a8a7cf4 | Username: Player_1cb35fdf | Total online: 2
[2026-06-12 18:40:02] DISCONNECT | Player disconnected | ID: 1cb35fdf-12c7-498e-a25a-a4fe1a8a7cf4 | Username: Player | Total online: 1
[2026-06-12 18:40:58] DISCONNECT | Player disconnected | ID: bb7de094-6ee0-43c2-9602-f617bc23a11b | Username: Linux | Total online: 0
[2026-06-12 18:58:20] CONNECT | Player connected | ID: a3298985-b1a7-4e27-9277-a29d3b58491d | Username: Player_a3298985 | Total online: 1
[2026-06-12 18:59:15] MESSAGE | H4TIUX | hi
[2026-06-12 18:59:21] MESSAGE | H4TIUX | Join EU guys
[2026-06-12 18:59:49] DISCONNECT | Player disconnected | ID: a3298985-b1a7-4e27-9277-a29d3b58491d | Username: H4TIUX | Total online: 0
[2026-06-12 19:00:46] CONNECT | Player connected | ID: ccb35aec-cf5d-4082-b864-69f4ba25a201 | Username: Player_ccb35aec | Total online: 1
[2026-06-12 19:02:01] DISCONNECT | Player disconnected | ID: ccb35aec-cf5d-4082-b864-69f4ba25a201 | Username: SmolDoggo | Total online: 0
[2026-06-12 19:03:06] CONNECT | Player connected | ID: b0091957-1818-4a85-bc18-82f3112f121b | Username: Player_b0091957 | Total online: 1
[2026-06-12 19:03:33] DISCONNECT | Player disconnected | ID: b0091957-1818-4a85-bc18-82f3112f121b | Username: SmolDoggo | Total online: 0
[2026-06-12 19:04:42] CONNECT | Player connected | ID: 27d74075-954d-4449-8fec-fd7eeb7434a3 | Username: Player_27d74075 | Total online: 1
[2026-06-12 19:05:32] DISCONNECT | Player disconnected | ID: 27d74075-954d-4449-8fec-fd7eeb7434a3 | Username: H4TIUX | Total online: 0
[2026-06-12 19:07:41] CONNECT | Player connected | ID: 216b9065-d7a9-4962-9d80-539b989f294b | Username: Player_216b9065 | Total online: 1
[2026-06-12 19:07:48] DISCONNECT | Player disconnected | ID: 216b9065-d7a9-4962-9d80-539b989f294b | Username: H4TIUX | Total online: 0
[2026-06-12 19:07:54] CONNECT | Player connected | ID: 03e31c28-4a0b-45c5-ab6f-d212d70fed5d | Username: Player_03e31c28 | Total online: 1
[2026-06-12 19:08:32] DISCONNECT | Player disconnected | ID: 03e31c28-4a0b-45c5-ab6f-d212d70fed5d | Username: H4TIUX | Total online: 0
[2026-06-12 19:10:05] CONNECT | Player connected | ID: 4f1dc756-7f4d-4568-bdce-9a4ba6656c0e | Username: Player_4f1dc756 | Total online: 1
[2026-06-12 19:10:36] DISCONNECT | Player disconnected | ID: 4f1dc756-7f4d-4568-bdce-9a4ba6656c0e | Username: H4TIUX | Total online: 0
[2026-06-12 19:15:55] CONNECT | Player connected | ID: 775d8a62-c88d-474e-ad5f-c46bc2a7bdaa | Username: Player_775d8a62 | Total online: 1
[2026-06-12 19:16:25] MESSAGE | SmolDoggo | i rejoin eu
[2026-06-12 19:17:04] CONNECT | Player connected | ID: bc5c87d1-9181-494d-a908-3c20ab678bfe | Username: Player_bc5c87d1 | Total online: 2
[2026-06-12 19:17:14] MESSAGE | H4TIUX | ok
[2026-06-12 19:17:18] MESSAGE | H4TIUX | Me too
[2026-06-12 19:17:32] DISCONNECT | Player disconnected | ID: 775d8a62-c88d-474e-ad5f-c46bc2a7bdaa | Username: SmolDoggo | Total online: 1
[2026-06-12 19:17:41] DISCONNECT | Player disconnected | ID: bc5c87d1-9181-494d-a908-3c20ab678bfe | Username: H4TIUX | Total online: 0
[2026-06-12 19:26:03] CONNECT | Player connected | ID: a3dfc8ca-1c66-4f37-aa39-7de8ab1f6fd7 | Username: Player_a3dfc8ca | Total online: 1
[2026-06-12 19:26:58] DISCONNECT | Player disconnected | ID: a3dfc8ca-1c66-4f37-aa39-7de8ab1f6fd7 | Username: SmolDoggo | Total online: 0
[2026-06-12 19:27:20] CONNECT | Player connected | ID: aeb0ec0f-fddb-4861-b36c-ee96d9ddf770 | Username: Player_aeb0ec0f | Total online: 1
[2026-06-12 19:28:01] DISCONNECT | Player disconnected | ID: aeb0ec0f-fddb-4861-b36c-ee96d9ddf770 | Username: Player | Total online: 0
[2026-06-12 20:15:23] CONNECT | Player connected | ID: 4dcb5814-09fc-4b2d-a2cc-c743b21fa455 | Username: Player_4dcb5814 | Total online: 1
[2026-06-12 20:15:42] MESSAGE | DESKTOP | 11
[2026-06-12 20:16:33] DISCONNECT | Player disconnected | ID: 4dcb5814-09fc-4b2d-a2cc-c743b21fa455 | Username: DESKTOP | Total online: 0
[2026-06-12 20:17:24] CONNECT | Player connected | ID: 5b668ccb-975b-4494-9c7a-08f172a8be78 | Username: Player_5b668ccb | Total online: 1
[2026-06-12 20:18:03] DISCONNECT | Player disconnected | ID: 5b668ccb-975b-4494-9c7a-08f172a8be78 | Username: DESKTOP | Total online: 0
[2026-06-12 20:19:06] CONNECT | Player connected | ID: f34cf783-b74f-4f34-98e9-0203abf93f3d | Username: Player_f34cf783 | Total online: 1
[2026-06-12 20:21:04] DISCONNECT | Player disconnected | ID: f34cf783-b74f-4f34-98e9-0203abf93f3d | Username: DESKTOP | Total online: 0
[2026-06-12 20:22:46] CONNECT | Player connected | ID: e3a3396e-ac78-4894-ba0d-a1aad4c8d6d9 | Username: Player_e3a3396e | Total online: 1
[2026-06-12 20:23:32] DISCONNECT | Player disconnected | ID: e3a3396e-ac78-4894-ba0d-a1aad4c8d6d9 | Username: DESKTOP | Total online: 0
[2026-06-12 20:24:54] CONNECT | Player connected | ID: 82186836-0281-4437-9176-407fa79f350d | Username: Player_82186836 | Total online: 1
[2026-06-12 20:25:33] DISCONNECT | Player disconnected | ID: 82186836-0281-4437-9176-407fa79f350d | Username: M | Total online: 0
[2026-06-12 20:27:58] CONNECT | Player connected | ID: 58a598d3-3a83-4e35-85b5-3aeb3f0aef02 | Username: Player_58a598d3 | Total online: 1
[2026-06-12 20:28:36] CONNECT | Player connected | ID: 98bba387-c6ab-48bd-90c0-9355e47165af | Username: Player_98bba387 | Total online: 2
[2026-06-12 20:28:37] DISCONNECT | Player disconnected | ID: 58a598d3-3a83-4e35-85b5-3aeb3f0aef02 | Username: DESKTOP | Total online: 1
[2026-06-12 20:29:39] DISCONNECT | Player disconnected | ID: 98bba387-c6ab-48bd-90c0-9355e47165af | Username: Zardari | Total online: 0
[2026-06-12 20:33:31] CONNECT | Player connected | ID: afb16a76-9ba4-4f1a-999b-ee4de4fd1249 | Username: Player_afb16a76 | Total online: 1
[2026-06-12 20:34:11] DISCONNECT | Player disconnected | ID: afb16a76-9ba4-4f1a-999b-ee4de4fd1249 | Username: DESKTOP | Total online: 0
[2026-06-12 20:34:58] CONNECT | Player connected | ID: b8a135be-003b-4fff-8b65-9327fde882f0 | Username: Player_b8a135be | Total online: 1
[2026-06-12 20:35:25] CONNECT | Player connected | ID: f260cad4-988d-4605-ab08-5f8ea9a1d465 | Username: Player_f260cad4 | Total online: 2
[2026-06-12 20:35:44] DISCONNECT | Player disconnected | ID: b8a135be-003b-4fff-8b65-9327fde882f0 | Username: DESKTOP | Total online: 1
[2026-06-12 20:35:59] CONNECT | Player connected | ID: a035380c-f7ad-4288-a7b0-fcb1dcf60977 | Username: Player_a035380c | Total online: 2
[2026-06-12 20:36:05] DISCONNECT | Player disconnected | ID: a035380c-f7ad-4288-a7b0-fcb1dcf60977 | Username: DESKTOP | Total online: 1
[2026-06-12 20:38:15] CONNECT | Player connected | ID: 779ceda3-8aad-48bc-bccd-5febd8509bce | Username: Player_779ceda3 | Total online: 2
[2026-06-12 20:38:58] DISCONNECT | Player disconnected | ID: 779ceda3-8aad-48bc-bccd-5febd8509bce | Username: H4TIUX | Total online: 1
[2026-06-12 20:40:56] MESSAGE | Ashim | penis
[2026-06-12 20:41:48] CONNECT | Player connected | ID: a58d6a04-6520-49df-b4fc-32889227a102 | Username: Player_a58d6a04 | Total online: 2
[2026-06-12 20:42:02] MESSAGE | Linux | Hi
[2026-06-12 20:42:04] DISCONNECT | Player disconnected | ID: f260cad4-988d-4605-ab08-5f8ea9a1d465 | Username: Ashim | Total online: 1
[2026-06-12 20:43:03] DISCONNECT | Player disconnected | ID: a58d6a04-6520-49df-b4fc-32889227a102 | Username: Land | Total online: 0
[2026-06-12 20:43:38] CONNECT | Player connected | ID: 08cce4dd-090b-411b-abea-66633846af1a | Username: Player_08cce4dd | Total online: 1
[2026-06-12 20:45:48] CONNECT | Player connected | ID: fd773dce-78e4-4f45-b58a-557c53a6d858 | Username: Player_fd773dce | Total online: 2
[2026-06-12 20:46:35] DISCONNECT | Player disconnected | ID: fd773dce-78e4-4f45-b58a-557c53a6d858 | Username: Zardari | Total online: 1
[2026-06-12 20:46:57] CONNECT | Player connected | ID: a6e8b254-176a-4bb5-b03c-fae1f0fea79a | Username: Player_a6e8b254 | Total online: 2
[2026-06-12 20:47:07] MESSAGE | Land | NICE GAME
[2026-06-12 20:47:32] MESSAGE | Land | JOIN AGAIN GUYS
[2026-06-12 20:47:36] MESSAGE | Land | EU
[2026-06-12 20:47:56] DISCONNECT | Player disconnected | ID: a6e8b254-176a-4bb5-b03c-fae1f0fea79a | Username: Land | Total online: 1
[2026-06-12 20:49:03] CONNECT | Player connected | ID: ae3adff1-223a-4a01-b79e-e2f6d1fd4eca | Username: Player_ae3adff1 | Total online: 2
[2026-06-12 20:49:56] CONNECT | Player connected | ID: 1809e51a-1ec7-4c19-bd9b-ccd9ebed6b42 | Username: Player_1809e51a | Total online: 3
[2026-06-12 20:50:04] DISCONNECT | Player disconnected | ID: 1809e51a-1ec7-4c19-bd9b-ccd9ebed6b42 | Username: H4TIUX | Total online: 2
[2026-06-12 20:50:09] CONNECT | Player connected | ID: 3be041ab-8f4a-432a-b26d-51f9aad360a4 | Username: Player_3be041ab | Total online: 3
[2026-06-12 20:50:19] DISCONNECT | Player disconnected | ID: ae3adff1-223a-4a01-b79e-e2f6d1fd4eca | Username: Zardari | Total online: 2
[2026-06-12 20:50:35] DISCONNECT | Player disconnected | ID: 3be041ab-8f4a-432a-b26d-51f9aad360a4 | Username: H4TIUX | Total online: 1
[2026-06-12 20:58:26] CONNECT | Player connected | ID: e1965328-3a23-4fb3-add6-1df98c64a200 | Username: Player_e1965328 | Total online: 2
[2026-06-12 20:58:46] CONNECT | Player connected | ID: b3b54b4b-45fb-425d-9c8c-b58e0a055895 | Username: Player_b3b54b4b | Total online: 3
[2026-06-12 20:59:55] DISCONNECT | Player disconnected | ID: e1965328-3a23-4fb3-add6-1df98c64a200 | Username: DESKTOP | Total online: 2
[2026-06-12 21:01:38] CONNECT | Player connected | ID: c0f9b921-457b-4193-9de4-3adfd0969fb3 | Username: Player_c0f9b921 | Total online: 3
[2026-06-12 21:01:42] CONNECT | Player connected | ID: fb5d9c5f-9f93-431b-bb53-479c1bae102d | Username: Player_fb5d9c5f | Total online: 4
[2026-06-12 21:01:48] DISCONNECT | Player disconnected | ID: c0f9b921-457b-4193-9de4-3adfd0969fb3 | Username: Zardari | Total online: 3
[2026-06-12 21:02:29] CONNECT | Player connected | ID: 1a13a23a-2765-459a-b564-e802d3f67cf6 | Username: Player_1a13a23a | Total online: 4
[2026-06-12 21:03:05] DISCONNECT | Player disconnected | ID: fb5d9c5f-9f93-431b-bb53-479c1bae102d | Username: H4TIUX | Total online: 3
[2026-06-12 21:03:06] DISCONNECT | Player disconnected | ID: 1a13a23a-2765-459a-b564-e802d3f67cf6 | Username: Zardari | Total online: 2
[2026-06-12 21:03:10] CONNECT | Player connected | ID: d55bd314-655c-44a5-9996-a3afac66964e | Username: Player_d55bd314 | Total online: 3
[2026-06-12 21:03:15] DISCONNECT | Player disconnected | ID: b3b54b4b-45fb-425d-9c8c-b58e0a055895 | Username: Land | Total online: 2
[2026-06-12 21:03:36] DISCONNECT | Player disconnected | ID: d55bd314-655c-44a5-9996-a3afac66964e | Username: Zardari | Total online: 1
[2026-06-12 21:07:10] DISCONNECT | Player disconnected | ID: 08cce4dd-090b-411b-abea-66633846af1a | Username: Ashim | Total online: 0
[2026-06-12 21:11:17] CONNECT | Player connected | ID: 8be3a7fd-22a4-4fa0-9aec-11bd19fccb4a | Username: Player_8be3a7fd | Total online: 1
[2026-06-12 21:13:15] DISCONNECT | Player disconnected | ID: 8be3a7fd-22a4-4fa0-9aec-11bd19fccb4a | Username: Land | Total online: 0
[2026-06-12 21:20:54] CONNECT | Player connected | ID: 9d54518f-a132-4027-aae6-80bc899b3d96 | Username: Player_9d54518f | Total online: 1
[2026-06-12 21:21:01] MESSAGE | Ashim | .k
[2026-06-12 21:21:07] CONNECT | Player connected | ID: 9f452a24-fd04-43fb-86a2-e344c4845e7a | Username: Player_9f452a24 | Total online: 2
[2026-06-12 21:21:13] DISCONNECT | Player disconnected | ID: 9f452a24-fd04-43fb-86a2-e344c4845e7a | Username: Zardari | Total online: 1
[2026-06-12 21:21:14] CONNECT | Player connected | ID: 21ba68c7-ec98-4de2-95ee-ed5c72e0df39 | Username: Player_21ba68c7 | Total online: 2
[2026-06-12 21:21:54] CONNECT | Player connected | ID: 50afe33c-1e67-4721-98d7-765174c44c19 | Username: Player_50afe33c | Total online: 3
[2026-06-12 21:22:04] DISCONNECT | Player disconnected | ID: 21ba68c7-ec98-4de2-95ee-ed5c72e0df39 | Username: Zardari | Total online: 2
[2026-06-12 21:22:05] DISCONNECT | Player disconnected | ID: 9d54518f-a132-4027-aae6-80bc899b3d96 | Username: Ashim | Total online: 1
[2026-06-12 21:23:20] DISCONNECT | Player disconnected | ID: 50afe33c-1e67-4721-98d7-765174c44c19 | Username: DESKTOP | Total online: 0
[2026-06-12 21:24:00] CONNECT | Player connected | ID: 7ac1124c-ee71-452d-ba5b-86ebe1d7d31e | Username: Player_7ac1124c | Total online: 1
[2026-06-12 21:24:51] DISCONNECT | Player disconnected | ID: 7ac1124c-ee71-452d-ba5b-86ebe1d7d31e | Username: Land | Total online: 0
[2026-06-12 21:25:55] CONNECT | Player connected | ID: 04bcabae-b0f4-41a3-9377-e05b4524f7de | Username: Player_04bcabae | Total online: 1
[2026-06-12 21:27:20] DISCONNECT | Player disconnected | ID: 04bcabae-b0f4-41a3-9377-e05b4524f7de | Username: himanshu | Total online: 0
[2026-06-12 21:28:59] CONNECT | Player connected | ID: 6154407b-6819-4383-aeb5-d07bb1e72cd9 | Username: Player_6154407b | Total online: 1
[2026-06-12 21:32:51] DISCONNECT | Player disconnected | ID: 6154407b-6819-4383-aeb5-d07bb1e72cd9 | Username: Land | Total online: 0
[2026-06-12 21:32:52] CONNECT | Player connected | ID: 34e01543-ea4a-4f4a-aa7c-a79a7e313094 | Username: Player_34e01543 | Total online: 1
[2026-06-12 21:37:11] CONNECT | Player connected | ID: d408af4c-8b38-426c-96ec-3b23cbcbb321 | Username: Player_d408af4c | Total online: 2
[2026-06-12 21:38:43] DISCONNECT | Player disconnected | ID: d408af4c-8b38-426c-96ec-3b23cbcbb321 | Username: AspionX | Total online: 1
[2026-06-12 21:40:27] CONNECT | Player connected | ID: 4d41944c-ec63-4ac4-bfaf-261a1afca309 | Username: Player_4d41944c | Total online: 2
[2026-06-12 21:40:32] DISCONNECT | Player disconnected | ID: 4d41944c-ec63-4ac4-bfaf-261a1afca309 | Username: Ashim | Total online: 1
[2026-06-12 21:40:47] CONNECT | Player connected | ID: 25a97b92-8df0-46d4-86e0-1edb678a87f6 | Username: Player_25a97b92 | Total online: 2
[2026-06-12 21:41:17] CONNECT | Player connected | ID: 5d63ede2-be8d-4dfd-8533-639578c9e7d9 | Username: Player_5d63ede2 | Total online: 3
[2026-06-12 21:41:49] DISCONNECT | Player disconnected | ID: 25a97b92-8df0-46d4-86e0-1edb678a87f6 | Username: AspionX | Total online: 2
[2026-06-12 21:41:59] DISCONNECT | Player disconnected | ID: 5d63ede2-be8d-4dfd-8533-639578c9e7d9 | Username: Zardari | Total online: 1
[2026-06-12 21:41:59] CONNECT | Player connected | ID: 5026469a-9d29-42eb-8bc0-f730532ba058 | Username: Player_5026469a | Total online: 2
[2026-06-12 21:43:30] DISCONNECT | Player disconnected | ID: 5026469a-9d29-42eb-8bc0-f730532ba058 | Username: Player | Total online: 1
[2026-06-12 21:44:31] CONNECT | Player connected | ID: f83fd0fc-b414-45f7-9dba-31d154a085f7 | Username: Player_f83fd0fc | Total online: 2
[2026-06-12 21:44:58] DISCONNECT | Player disconnected | ID: f83fd0fc-b414-45f7-9dba-31d154a085f7 | Username: himanshu | Total online: 1
[2026-06-12 21:46:41] CONNECT | Player connected | ID: 5e29a83d-7b93-45bc-9ef4-df86fc5521cd | Username: Player_5e29a83d | Total online: 2
[2026-06-12 21:47:28] DISCONNECT | Player disconnected | ID: 5e29a83d-7b93-45bc-9ef4-df86fc5521cd | Username: himanshu | Total online: 1
[2026-06-12 21:56:48] CONNECT | Player connected | ID: 8148157c-525f-4f72-aa75-4826ae597fb0 | Username: Player_8148157c | Total online: 2
[2026-06-12 21:58:04] CONNECT | Player connected | ID: 87f86e50-8177-48df-8dc9-e81f546ea838 | Username: Player_87f86e50 | Total online: 3
[2026-06-12 21:59:11] DISCONNECT | Player disconnected | ID: 87f86e50-8177-48df-8dc9-e81f546ea838 | Username: AspionX | Total online: 2
[2026-06-12 21:59:30] DISCONNECT | Player disconnected | ID: 8148157c-525f-4f72-aa75-4826ae597fb0 | Username: Zardari | Total online: 1
[2026-06-12 22:03:39] CONNECT | Player connected | ID: 48d4941b-aac5-4b81-89ad-062a66f8892f | Username: Player_48d4941b | Total online: 2
[2026-06-12 22:03:46] DISCONNECT | Player disconnected | ID: 48d4941b-aac5-4b81-89ad-062a66f8892f | Username: H4TIUX | Total online: 1
[2026-06-12 22:03:49] CONNECT | Player connected | ID: a0b4e2ab-f9ec-407e-ab20-9575055f6dbc | Username: Player_a0b4e2ab | Total online: 2
[2026-06-12 22:04:12] DISCONNECT | Player disconnected | ID: a0b4e2ab-f9ec-407e-ab20-9575055f6dbc | Username: H4TIUX | Total online: 1
[2026-06-12 22:04:16] CONNECT | Player connected | ID: 48982380-2ab6-473f-9a41-f6336a0133d0 | Username: Player_48982380 | Total online: 2
[2026-06-12 22:04:50] DISCONNECT | Player disconnected | ID: 48982380-2ab6-473f-9a41-f6336a0133d0 | Username: H4TIUX | Total online: 1
[2026-06-12 22:14:40] CONNECT | Player connected | ID: 51779085-368a-4461-b0a5-28c43c966a1c | Username: Player_51779085 | Total online: 2
[2026-06-12 22:16:31] DISCONNECT | Player disconnected | ID: 51779085-368a-4461-b0a5-28c43c966a1c | Username: AspionX | Total online: 1
[2026-06-12 22:17:55] CONNECT | Player connected | ID: f461adfa-d6dc-4e9a-9b3d-9d648158aff2 | Username: Player_f461adfa | Total online: 2
[2026-06-12 22:18:24] DISCONNECT | Player disconnected | ID: f461adfa-d6dc-4e9a-9b3d-9d648158aff2 | Username: Zardari | Total online: 1
[2026-06-12 22:18:39] CONNECT | Player connected | ID: 44f72d98-1ef9-417c-9b1a-a8d6b41060ed | Username: Player_44f72d98 | Total online: 2
[2026-06-12 22:19:50] DISCONNECT | Player disconnected | ID: 44f72d98-1ef9-417c-9b1a-a8d6b41060ed | Username: H4TIUX | Total online: 1
[2026-06-12 22:28:02] CONNECT | Player connected | ID: fc1b46d1-2911-40a8-90c4-c11467db6ad5 | Username: Player_fc1b46d1 | Total online: 2
[2026-06-12 22:28:57] DISCONNECT | Player disconnected | ID: fc1b46d1-2911-40a8-90c4-c11467db6ad5 | Username: DESKTOP | Total online: 1
[2026-06-12 22:31:43] CONNECT | Player connected | ID: 65f3ba0a-bb47-4fec-8605-a8ad2257cbcd | Username: Player_65f3ba0a | Total online: 2
[2026-06-12 22:33:08] CONNECT | Player connected | ID: f1f7466d-df03-47d6-9f1d-89de444ba4b3 | Username: Player_f1f7466d | Total online: 3
[2026-06-12 22:33:23] CONNECT | Player connected | ID: 14022e7a-0f6f-4679-8371-8dac2f8e5c9f | Username: Player_14022e7a | Total online: 4
[2026-06-12 22:34:06] CONNECT | Player connected | ID: ccbad8f6-3c3f-42a2-8841-7e711f095d8d | Username: Player_ccbad8f6 | Total online: 5
[2026-06-12 22:34:12] DISCONNECT | Player disconnected | ID: 14022e7a-0f6f-4679-8371-8dac2f8e5c9f | Username: DESKTOP | Total online: 4
[2026-06-12 22:34:26] DISCONNECT | Player disconnected | ID: f1f7466d-df03-47d6-9f1d-89de444ba4b3 | Username: UserId | Total online: 3
[2026-06-12 22:34:26] DISCONNECT | Player disconnected | ID: ccbad8f6-3c3f-42a2-8841-7e711f095d8d | Username: UserId | Total online: 2
[2026-06-12 22:34:50] DISCONNECT | Player disconnected | ID: 34e01543-ea4a-4f4a-aa7c-a79a7e313094 | Username: Land | Total online: 1
[2026-06-12 22:37:28] CONNECT | Player connected | ID: 5f53d834-eb55-4e4f-a413-917fe2e99721 | Username: Player_5f53d834 | Total online: 2
[2026-06-12 22:41:58] DISCONNECT | Player disconnected | ID: 5f53d834-eb55-4e4f-a413-917fe2e99721 | Username: AspionX | Total online: 1
[2026-06-12 22:43:07] DISCONNECT | Player disconnected | ID: 65f3ba0a-bb47-4fec-8605-a8ad2257cbcd | Username: Zardari | Total online: 0
[2026-06-12 22:44:26] CONNECT | Player connected | ID: c777dbb9-e114-447c-bc7a-4ea0b459dfb6 | Username: Player_c777dbb9 | Total online: 1
[2026-06-12 22:45:07] DISCONNECT | Player disconnected | ID: c777dbb9-e114-447c-bc7a-4ea0b459dfb6 | Username: Zardari | Total online: 0
[2026-06-12 22:45:58] CONNECT | Player connected | ID: 481800c9-60b6-489e-9fc6-1e906d42df0d | Username: Player_481800c9 | Total online: 1
[2026-06-12 22:46:41] DISCONNECT | Player disconnected | ID: 481800c9-60b6-489e-9fc6-1e906d42df0d | Username: Zardari | Total online: 0
[2026-06-12 22:46:54] CONNECT | Player connected | ID: db94db9b-fd24-4f91-86ea-d52949295430 | Username: Player_db94db9b | Total online: 1
[2026-06-12 22:46:58] CONNECT | Player connected | ID: a6138cfe-926b-47d7-9948-33191c3f8702 | Username: Player_a6138cfe | Total online: 2
[2026-06-12 22:47:07] DISCONNECT | Player disconnected | ID: db94db9b-fd24-4f91-86ea-d52949295430 | Username: DESKTOP | Total online: 1
[2026-06-12 22:47:16] CONNECT | Player connected | ID: 2fdd8474-ed8f-4485-b9a5-f80c466e6ca7 | Username: Player_2fdd8474 | Total online: 2
[2026-06-12 22:47:32] DISCONNECT | Player disconnected | ID: a6138cfe-926b-47d7-9948-33191c3f8702 | Username: Zardari | Total online: 1
[2026-06-12 22:49:26] CONNECT | Player connected | ID: 49e65f07-b6ef-41c1-9881-2a4c140491d7 | Username: Player_49e65f07 | Total online: 2
[2026-06-12 22:50:18] DISCONNECT | Player disconnected | ID: 2fdd8474-ed8f-4485-b9a5-f80c466e6ca7 | Username: Land | Total online: 1
[2026-06-12 22:51:04] DISCONNECT | Player disconnected | ID: 49e65f07-b6ef-41c1-9881-2a4c140491d7 | Username: Zardari | Total online: 0
[2026-06-12 22:53:18] CONNECT | Player connected | ID: 44161fa5-7427-4243-b541-9304d92aaf2b | Username: Player_44161fa5 | Total online: 1
[2026-06-12 22:54:23] DISCONNECT | Player disconnected | ID: 44161fa5-7427-4243-b541-9304d92aaf2b | Username: DESKTOP | Total online: 0
[2026-06-12 22:55:21] CONNECT | Player connected | ID: e250e64a-fdf8-47d4-8888-0b64a9826c28 | Username: Player_e250e64a | Total online: 1
[2026-06-12 22:55:42] DISCONNECT | Player disconnected | ID: e250e64a-fdf8-47d4-8888-0b64a9826c28 | Username: DESKTOP | Total online: 0
[2026-06-12 22:56:09] CONNECT | Player connected | ID: 9863d2da-d784-4b02-ae80-b5e6c482e832 | Username: Player_9863d2da | Total online: 1
[2026-06-12 22:58:14] DISCONNECT | Player disconnected | ID: 9863d2da-d784-4b02-ae80-b5e6c482e832 | Username: DESKTOP | Total online: 0
[2026-06-12 22:58:26] CONNECT | Player connected | ID: 364e285a-0ac9-4e26-a139-a3ad4a45b8fb | Username: Player_364e285a | Total online: 1
[2026-06-12 23:00:37] DISCONNECT | Player disconnected | ID: 364e285a-0ac9-4e26-a139-a3ad4a45b8fb | Username: DESKTOP | Total online: 0
[2026-06-12 23:00:42] CONNECT | Player connected | ID: ad1b5a1d-76f7-41fb-a2f3-b00721d83f46 | Username: Player_ad1b5a1d | Total online: 1
[2026-06-12 23:01:54] DISCONNECT | Player disconnected | ID: ad1b5a1d-76f7-41fb-a2f3-b00721d83f46 | Username: DESKTOP | Total online: 0
[2026-06-12 23:04:08] CONNECT | Player connected | ID: 65a42716-0067-4e40-b03d-21b0f7e6cfa8 | Username: Player_65a42716 | Total online: 1
[2026-06-12 23:04:11] DISCONNECT | Player disconnected | ID: 65a42716-0067-4e40-b03d-21b0f7e6cfa8 | Username: DESKTOP | Total online: 0
[2026-06-12 23:04:13] CONNECT | Player connected | ID: 4eaa6208-ac1f-4236-a21a-28580f9f2a4c | Username: Player_4eaa6208 | Total online: 1
[2026-06-12 23:05:02] DISCONNECT | Player disconnected | ID: 4eaa6208-ac1f-4236-a21a-28580f9f2a4c | Username: DESKTOP | Total online: 0
[2026-06-12 23:16:24] CONNECT | Player connected | ID: 016a88d8-83a1-43a3-82b7-16e1b49c5162 | Username: Player_016a88d8 | Total online: 1
[2026-06-12 23:16:29] DISCONNECT | Player disconnected | ID: 016a88d8-83a1-43a3-82b7-16e1b49c5162 | Username: DESKTOP | Total online: 0
[2026-06-12 23:21:34] CONNECT | Player connected | ID: 4edf0a26-23a4-469d-86d6-8777beee48ec | Username: Player_4edf0a26 | Total online: 1
[2026-06-12 23:21:55] DISCONNECT | Player disconnected | ID: 4edf0a26-23a4-469d-86d6-8777beee48ec | Username: DESKTOP | Total online: 0
[2026-06-13 01:37:28] CONNECT | Player connected | ID: 3b947017-8490-44c2-b66b-8173c38a3b10 | Username: Player_3b947017 | Total online: 1
[2026-06-13 01:37:46] DISCONNECT | Player disconnected | ID: 3b947017-8490-44c2-b66b-8173c38a3b10 | Username: DESKTOP | Total online: 0
[2026-06-13 03:09:08] CONNECT | Player connected | ID: 33685fb9-0cfd-4054-b214-77acde5248ca | Username: Player_33685fb9 | Total online: 1
[2026-06-13 03:21:06] DISCONNECT | Player disconnected | ID: 33685fb9-0cfd-4054-b214-77acde5248ca | Username: DESKTOP | Total online: 0
[2026-06-13 07:31:36] CONNECT | Player connected | ID: 5e798e79-0ca4-4fda-8872-751ed19cb58c | Username: Player_5e798e79 | Total online: 1
[2026-06-13 07:32:53] DISCONNECT | Player disconnected | ID: 5e798e79-0ca4-4fda-8872-751ed19cb58c | Username: MiPro778G | Total online: 0
[2026-06-13 10:31:46] CONNECT | Player connected | ID: aa73df0d-9b4c-4a0b-a20e-c412ea097c31 | Username: Player_aa73df0d | Total online: 1
[2026-06-13 10:31:55] DISCONNECT | Player disconnected | ID: aa73df0d-9b4c-4a0b-a20e-c412ea097c31 | Username: UserId | Total online: 0
[2026-06-13 10:59:25] CONNECT | Player connected | ID: 6b2b6570-c985-4234-8ffe-d03e5cad9b62 | Username: Player_6b2b6570 | Total online: 1
[2026-06-13 10:59:50] DISCONNECT | Player disconnected | ID: 6b2b6570-c985-4234-8ffe-d03e5cad9b62 | Username: LAPTOP | Total online: 0
[2026-06-13 11:01:03] CONNECT | Player connected | ID: c365e52d-edc0-4f29-8d4c-5722a3f51998 | Username: Player_c365e52d | Total online: 1
[2026-06-13 11:01:38] DISCONNECT | Player disconnected | ID: c365e52d-edc0-4f29-8d4c-5722a3f51998 | Username: LAPTOP | Total online: 0
[2026-06-13 11:01:42] CONNECT | Player connected | ID: e1b88bb5-252b-4c62-ba07-222e1da6aa37 | Username: Player_e1b88bb5 | Total online: 1
[2026-06-13 11:02:06] DISCONNECT | Player disconnected | ID: e1b88bb5-252b-4c62-ba07-222e1da6aa37 | Username: LAPTOP | Total online: 0
[2026-06-13 11:12:35] CONNECT | Player connected | ID: 78975f0e-81bd-40f8-87f3-2b7c38bfff6f | Username: Player_78975f0e | Total online: 1
[2026-06-13 11:13:05] DISCONNECT | Player disconnected | ID: 78975f0e-81bd-40f8-87f3-2b7c38bfff6f | Username: LAPTOP | Total online: 0
[2026-06-13 11:13:37] CONNECT | Player connected | ID: 91f82d41-51f7-4e6a-a2e1-435375e94f10 | Username: Player_91f82d41 | Total online: 1
[2026-06-13 11:14:12] DISCONNECT | Player disconnected | ID: 91f82d41-51f7-4e6a-a2e1-435375e94f10 | Username: LAPTOP | Total online: 0
[2026-06-13 11:24:06] CONNECT | Player connected | ID: a15b3fa1-e2e6-4066-818d-0054fb718f63 | Username: Player_a15b3fa1 | Total online: 1
[2026-06-13 11:24:08] DISCONNECT | Player disconnected | ID: a15b3fa1-e2e6-4066-818d-0054fb718f63 | Username: LAPTOP | Total online: 0
[2026-06-13 11:26:17] CONNECT | Player connected | ID: 22ed52bb-d1b6-4f4d-bbd4-9a2dd60334a1 | Username: Player_22ed52bb | Total online: 1
[2026-06-13 11:27:16] DISCONNECT | Player disconnected | ID: 22ed52bb-d1b6-4f4d-bbd4-9a2dd60334a1 | Username: DESKTOP | Total online: 0
[2026-06-13 12:20:41] CONNECT | Player connected | ID: eb9f5df7-a062-4e4e-a616-a244106242ee | Username: Player_eb9f5df7 | Total online: 1
[2026-06-13 12:22:51] DISCONNECT | Player disconnected | ID: eb9f5df7-a062-4e4e-a616-a244106242ee | Username: DESKTOP | Total online: 0
[2026-06-13 12:22:54] CONNECT | Player connected | ID: 713ccac6-7814-4f5a-9490-1f6dc3a1ddc9 | Username: Player_713ccac6 | Total online: 1
[2026-06-13 12:23:37] DISCONNECT | Player disconnected | ID: 713ccac6-7814-4f5a-9490-1f6dc3a1ddc9 | Username: AspionX | Total online: 0
[2026-06-13 12:24:41] CONNECT | Player connected | ID: 71eeb37c-e6e1-4c3f-b00d-0bd23c24d0a4 | Username: Player_71eeb37c | Total online: 1
[2026-06-13 12:25:34] DISCONNECT | Player disconnected | ID: 71eeb37c-e6e1-4c3f-b00d-0bd23c24d0a4 | Username: AspionX | Total online: 0
[2026-06-13 12:27:55] CONNECT | Player connected | ID: 7c7f16fe-d39c-414c-b1ef-7c02056b6784 | Username: Player_7c7f16fe | Total online: 1
[2026-06-13 12:28:02] MESSAGE | UserId | yee
[2026-06-13 12:28:34] DISCONNECT | Player disconnected | ID: 7c7f16fe-d39c-414c-b1ef-7c02056b6784 | Username: UserId | Total online: 0
[2026-06-13 12:28:35] CONNECT | Player connected | ID: 7975c721-3ffc-4520-9e58-d58acecd89dd | Username: Player_7975c721 | Total online: 1
[2026-06-13 12:28:46] DISCONNECT | Player disconnected | ID: 7975c721-3ffc-4520-9e58-d58acecd89dd | Username: UserId | Total online: 0
[2026-06-13 12:34:52] CONNECT | Player connected | ID: dec93f93-8637-4dcd-a527-24314b5eb42d | Username: Player_dec93f93 | Total online: 1
[2026-06-13 12:35:00] DISCONNECT | Player disconnected | ID: dec93f93-8637-4dcd-a527-24314b5eb42d | Username: AspionX | Total online: 0
[2026-06-13 12:59:27] CONNECT | Player connected | ID: d9949f44-4067-416e-9dc6-93f499b38817 | Username: Player_d9949f44 | Total online: 1
[2026-06-13 13:00:57] DISCONNECT | Player disconnected | ID: d9949f44-4067-416e-9dc6-93f499b38817 | Username: DESKTOP | Total online: 0
[2026-06-13 13:02:48] CONNECT | Player connected | ID: 69c190b2-08aa-4e5e-be7c-e25b414d1986 | Username: Player_69c190b2 | Total online: 1
[2026-06-13 13:03:31] DISCONNECT | Player disconnected | ID: 69c190b2-08aa-4e5e-be7c-e25b414d1986 | Username: DESKTOP | Total online: 0
[2026-06-13 13:04:20] CONNECT | Player connected | ID: b7a4cc72-c037-48f8-8484-fa66eb1ad619 | Username: Player_b7a4cc72 | Total online: 1
[2026-06-13 13:05:04] DISCONNECT | Player disconnected | ID: b7a4cc72-c037-48f8-8484-fa66eb1ad619 | Username: DESKTOP | Total online: 0
[2026-06-13 13:05:32] CONNECT | Player connected | ID: 66da5341-4d24-498b-8c2d-b31bad34f786 | Username: Player_66da5341 | Total online: 1
[2026-06-13 13:05:58] DISCONNECT | Player disconnected | ID: 66da5341-4d24-498b-8c2d-b31bad34f786 | Username: DESKTOP | Total online: 0
[2026-06-13 13:40:10] CONNECT | Player connected | ID: 3e72cede-3ed7-42b6-9c7e-3de2be7c6bce | Username: Player_3e72cede | Total online: 1
[2026-06-13 13:41:02] DISCONNECT | Player disconnected | ID: 3e72cede-3ed7-42b6-9c7e-3de2be7c6bce | Username: AspionX | Total online: 0
[2026-06-13 13:47:11] CONNECT | Player connected | ID: 0176f0b5-8685-4925-bd65-6ffa709a131b | Username: Player_0176f0b5 | Total online: 1
[2026-06-13 13:49:07] DISCONNECT | Player disconnected | ID: 0176f0b5-8685-4925-bd65-6ffa709a131b | Username: AspionX | Total online: 0
[2026-06-13 13:49:10] CONNECT | Player connected | ID: 5aa2c9e1-0702-422e-aa73-62e89be7a87a | Username: Player_5aa2c9e1 | Total online: 1
[2026-06-13 13:49:24] MESSAGE | AspionX | Anyone up ??
[2026-06-13 13:50:32] DISCONNECT | Player disconnected | ID: 5aa2c9e1-0702-422e-aa73-62e89be7a87a | Username: AspionX | Total online: 0
[2026-06-13 15:15:11] CONNECT | Player connected | ID: b62e810e-7ce7-4d83-922d-bd9f151950bf | Username: Player_b62e810e | Total online: 1
[2026-06-13 15:16:28] DISCONNECT | Player disconnected | ID: b62e810e-7ce7-4d83-922d-bd9f151950bf | Username: DESKTOP | Total online: 0
[2026-06-13 15:22:15] CONNECT | Player connected | ID: 077efd9a-c1d1-495d-a926-fa4be9506685 | Username: Player_077efd9a | Total online: 1
[2026-06-13 15:22:56] DISCONNECT | Player disconnected | ID: 077efd9a-c1d1-495d-a926-fa4be9506685 | Username: DESKTOP | Total online: 0
[2026-06-13 15:35:06] CONNECT | Player connected | ID: 21f2d030-603e-404b-b2bd-14e767e6bb0d | Username: Player_21f2d030 | Total online: 1
[2026-06-13 15:35:21] DISCONNECT | Player disconnected | ID: 21f2d030-603e-404b-b2bd-14e767e6bb0d | Username: DESKTOP | Total online: 0
[2026-06-13 15:46:16] CONNECT | Player connected | ID: d59d0d13-c861-429b-ab29-cb0fcaf6479d | Username: Player_d59d0d13 | Total online: 1
[2026-06-13 15:46:35] DISCONNECT | Player disconnected | ID: d59d0d13-c861-429b-ab29-cb0fcaf6479d | Username: MiPro778G | Total online: 0
[2026-06-13 16:08:24] CONNECT | Player connected | ID: e8bfe8fd-939e-405e-aec5-32289eb47918 | Username: Player_e8bfe8fd | Total online: 1
[2026-06-13 16:10:21] DISCONNECT | Player disconnected | ID: e8bfe8fd-939e-405e-aec5-32289eb47918 | Username: DESKTOP | Total online: 0
[2026-06-13 16:10:30] CONNECT | Player connected | ID: 3310cc72-1c39-4ffa-9945-eec031ddf043 | Username: Player_3310cc72 | Total online: 1
[2026-06-13 16:11:41] DISCONNECT | Player disconnected | ID: 3310cc72-1c39-4ffa-9945-eec031ddf043 | Username: DESKTOP | Total online: 0
[2026-06-13 17:08:18] CONNECT | Player connected | ID: 5f7ad029-fb03-44fd-bb6c-2afe2cbd1ad1 | Username: Player_5f7ad029 | Total online: 1
[2026-06-13 17:10:53] DISCONNECT | Player disconnected | ID: 5f7ad029-fb03-44fd-bb6c-2afe2cbd1ad1 | Username: DESKTOP | Total online: 0
[2026-06-13 17:13:17] CONNECT | Player connected | ID: 2cdda2f6-cbdd-40c0-9573-f337f7a4319a | Username: Player_2cdda2f6 | Total online: 1
[2026-06-13 17:13:54] DISCONNECT | Player disconnected | ID: 2cdda2f6-cbdd-40c0-9573-f337f7a4319a | Username: DESKTOP | Total online: 0
[2026-06-13 17:23:23] CONNECT | Player connected | ID: dd45f729-aa6e-4c34-898e-364b06cc9051 | Username: Player_dd45f729 | Total online: 1
[2026-06-13 17:23:56] DISCONNECT | Player disconnected | ID: dd45f729-aa6e-4c34-898e-364b06cc9051 | Username: DESKTOP | Total online: 0
[2026-06-13 17:27:09] CONNECT | Player connected | ID: 42839c80-d61b-4d85-bb93-5c1a8a059dd4 | Username: Player_42839c80 | Total online: 1
[2026-06-13 17:28:05] DISCONNECT | Player disconnected | ID: 42839c80-d61b-4d85-bb93-5c1a8a059dd4 | Username: DESKTOP | Total online: 0
[2026-06-13 17:32:53] CONNECT | Player connected | ID: 0953a3ab-d604-4410-9725-cf762fd2b038 | Username: Player_0953a3ab | Total online: 1
[2026-06-13 17:33:40] DISCONNECT | Player disconnected | ID: 0953a3ab-d604-4410-9725-cf762fd2b038 | Username: DESKTOP | Total online: 0
[2026-06-13 17:39:17] CONNECT | Player connected | ID: 40690aa2-730b-40c4-b849-deb4c40e9cd3 | Username: Player_40690aa2 | Total online: 1
[2026-06-13 17:39:32] DISCONNECT | Player disconnected | ID: 40690aa2-730b-40c4-b849-deb4c40e9cd3 | Username: DESKTOP | Total online: 0
[2026-06-13 18:25:19] CONNECT | Player connected | ID: 93a8766c-a563-41d2-b3a6-152e84333d13 | Username: Player_93a8766c | Total online: 1
[2026-06-13 18:27:36] DISCONNECT | Player disconnected | ID: 93a8766c-a563-41d2-b3a6-152e84333d13 | Username: joyershi | Total online: 0
[2026-06-13 18:29:24] CONNECT | Player connected | ID: e0c52c0b-2497-4b21-bd85-39ee067b7cc2 | Username: Player_e0c52c0b | Total online: 1
[2026-06-13 18:29:29] DISCONNECT | Player disconnected | ID: e0c52c0b-2497-4b21-bd85-39ee067b7cc2 | Username: joyershi | Total online: 0
[2026-06-13 18:31:06] CONNECT | Player connected | ID: f8f76a53-23cf-40a1-bb9f-d62b03aeb78f | Username: Player_f8f76a53 | Total online: 1
[2026-06-13 18:32:00] DISCONNECT | Player disconnected | ID: f8f76a53-23cf-40a1-bb9f-d62b03aeb78f | Username: Player | Total online: 0
[2026-06-13 18:39:52] CONNECT | Player connected | ID: 2f8f6f88-7d98-4987-9fe0-e1659e2e58e5 | Username: Player_2f8f6f88 | Total online: 1
[2026-06-13 18:46:20] CONNECT | Player connected | ID: a8a80054-d529-48de-aa2b-975c9bbe7582 | Username: Player_a8a80054 | Total online: 2
[2026-06-13 18:47:30] DISCONNECT | Player disconnected | ID: a8a80054-d529-48de-aa2b-975c9bbe7582 | Username: DESKTOP | Total online: 1
[2026-06-13 18:48:59] CONNECT | Player connected | ID: bc349dc2-0d20-4f15-8cdd-06d65d9bb024 | Username: Player_bc349dc2 | Total online: 2
[2026-06-13 18:49:07] DISCONNECT | Player disconnected | ID: bc349dc2-0d20-4f15-8cdd-06d65d9bb024 | Username: DESKTOP | Total online: 1
[2026-06-13 18:49:35] CONNECT | Player connected | ID: 086cb45d-c056-4b26-8cd2-fa2c48cc24c9 | Username: Player_086cb45d | Total online: 2
[2026-06-13 18:51:27] DISCONNECT | Player disconnected | ID: 086cb45d-c056-4b26-8cd2-fa2c48cc24c9 | Username: DESKTOP | Total online: 1
[2026-06-13 18:51:36] CONNECT | Player connected | ID: aa2482ec-bb9d-47b4-b75b-d712a0cb9eb4 | Username: Player_aa2482ec | Total online: 2
[2026-06-13 18:53:06] DISCONNECT | Player disconnected | ID: aa2482ec-bb9d-47b4-b75b-d712a0cb9eb4 | Username: DESKTOP | Total online: 1
[2026-06-13 18:53:19] DISCONNECT | Player disconnected | ID: 2f8f6f88-7d98-4987-9fe0-e1659e2e58e5 | Username: Linux | Total online: 0
[2026-06-13 18:56:11] CONNECT | Player connected | ID: 7a11e8bf-8f5a-49e4-adb2-ece1bbe470dc | Username: Player_7a11e8bf | Total online: 1
[2026-06-13 18:56:36] DISCONNECT | Player disconnected | ID: 7a11e8bf-8f5a-49e4-adb2-ece1bbe470dc | Username: DESKTOP | Total online: 0
[2026-06-13 19:05:06] CONNECT | Player connected | ID: e4ce00c2-29b1-4db3-b654-9123c59b99d9 | Username: Player_e4ce00c2 | Total online: 1
[2026-06-13 19:05:36] DISCONNECT | Player disconnected | ID: e4ce00c2-29b1-4db3-b654-9123c59b99d9 | Username: Linux | Total online: 0
[2026-06-13 19:05:50] CONNECT | Player connected | ID: 8d3467d3-4a04-4bb9-9f03-0758c4a54bfe | Username: Player_8d3467d3 | Total online: 1
[2026-06-13 19:06:28] CONNECT | Player connected | ID: 33cadb43-1ebe-42f8-b3a5-18e86a715611 | Username: Player_33cadb43 | Total online: 2
[2026-06-13 19:07:32] DISCONNECT | Player disconnected | ID: 8d3467d3-4a04-4bb9-9f03-0758c4a54bfe | Username: DESKTOP | Total online: 1
[2026-06-13 19:07:33] DISCONNECT | Player disconnected | ID: 33cadb43-1ebe-42f8-b3a5-18e86a715611 | Username: Linux | Total online: 0
[2026-06-13 19:16:03] CONNECT | Player connected | ID: a194d956-a491-4923-b16d-650ac3bbe27f | Username: Player_a194d956 | Total online: 1
[2026-06-13 19:16:28] CONNECT | Player connected | ID: c4017c76-aa35-46ea-96c6-ed63cd64930f | Username: Player_c4017c76 | Total online: 2
[2026-06-13 19:17:59] DISCONNECT | Player disconnected | ID: a194d956-a491-4923-b16d-650ac3bbe27f | Username: Linux | Total online: 1
[2026-06-13 19:18:01] CONNECT | Player connected | ID: 69ea55e7-b161-4db7-a0a6-43dd6faa546e | Username: Player_69ea55e7 | Total online: 2
[2026-06-13 19:18:16] DISCONNECT | Player disconnected | ID: c4017c76-aa35-46ea-96c6-ed63cd64930f | Username: DESKTOP | Total online: 1
[2026-06-13 19:18:17] CONNECT | Player connected | ID: 938e4d81-e584-4ba8-93c9-ed20281b4ba5 | Username: Player_938e4d81 | Total online: 2
[2026-06-13 19:18:39] DISCONNECT | Player disconnected | ID: 69ea55e7-b161-4db7-a0a6-43dd6faa546e | Username: Linux | Total online: 1
[2026-06-13 19:18:53] DISCONNECT | Player disconnected | ID: 938e4d81-e584-4ba8-93c9-ed20281b4ba5 | Username: DESKTOP | Total online: 0
[2026-06-13 19:32:49] CONNECT | Player connected | ID: 2334ca56-1304-4a75-a80f-21106acc49e9 | Username: Player_2334ca56 | Total online: 1
[2026-06-13 19:32:58] CONNECT | Player connected | ID: 1ca3ada2-09f1-4c91-80ab-aa97ca7a479a | Username: Player_1ca3ada2 | Total online: 2
[2026-06-13 19:34:33] DISCONNECT | Player disconnected | ID: 1ca3ada2-09f1-4c91-80ab-aa97ca7a479a | Username: DESKTOP | Total online: 1
[2026-06-13 19:34:34] DISCONNECT | Player disconnected | ID: 2334ca56-1304-4a75-a80f-21106acc49e9 | Username: Linux | Total online: 0
[2026-06-13 19:39:52] CONNECT | Player connected | ID: 14bd953b-1b4e-41f2-8cb4-b203cfe0c135 | Username: Player_14bd953b | Total online: 1
[2026-06-13 19:40:00] CONNECT | Player connected | ID: 0e1a7972-7cb9-49d0-9b95-e45f28d44101 | Username: Player_0e1a7972 | Total online: 2
[2026-06-13 19:40:12] MESSAGE | Linux | 6666
[2026-06-13 19:40:16] MESSAGE | Linux | REN WU
[2026-06-13 19:40:55] DISCONNECT | Player disconnected | ID: 0e1a7972-7cb9-49d0-9b95-e45f28d44101 | Username: Linux | Total online: 1
[2026-06-13 19:42:55] DISCONNECT | Player disconnected | ID: 14bd953b-1b4e-41f2-8cb4-b203cfe0c135 | Username: DESKTOP | Total online: 0
[2026-06-13 19:43:39] CONNECT | Player connected | ID: 116cb1b1-2f9c-49fd-8bc3-841d55844c2a | Username: Player_116cb1b1 | Total online: 1
[2026-06-13 19:44:12] DISCONNECT | Player disconnected | ID: 116cb1b1-2f9c-49fd-8bc3-841d55844c2a | Username: Linux | Total online: 0
[2026-06-13 19:56:10] CONNECT | Player connected | ID: e5ca69e1-0de3-430c-932b-2acca0106d38 | Username: Player_e5ca69e1 | Total online: 1
[2026-06-13 19:57:06] CONNECT | Player connected | ID: ec91d263-83bf-4463-9745-6f528ffafb6c | Username: Player_ec91d263 | Total online: 2
[2026-06-13 19:57:46] DISCONNECT | Player disconnected | ID: e5ca69e1-0de3-430c-932b-2acca0106d38 | Username: DESKTOP | Total online: 1
[2026-06-13 19:57:47] DISCONNECT | Player disconnected | ID: ec91d263-83bf-4463-9745-6f528ffafb6c | Username: Linux | Total online: 0
[2026-06-13 20:02:06] CONNECT | Player connected | ID: dd7c5688-fa58-4e8c-a766-c6cc5a490932 | Username: Player_dd7c5688 | Total online: 1
[2026-06-13 20:07:49] DISCONNECT | Player disconnected | ID: dd7c5688-fa58-4e8c-a766-c6cc5a490932 | Username: DESKTOP | Total online: 0
[2026-06-13 20:38:59] CONNECT | Player connected | ID: edc69dc9-aba2-4192-a2b8-2b44ae076665 | Username: Player_edc69dc9 | Total online: 1
[2026-06-13 20:40:27] MESSAGE | jiangaodong | 1
[2026-06-13 20:42:01] DISCONNECT | Player disconnected | ID: edc69dc9-aba2-4192-a2b8-2b44ae076665 | Username: jiangaodong | Total online: 0
[2026-06-13 20:42:41] CONNECT | Player connected | ID: 10fe3fe4-2401-4f94-8372-46a34ab344cf | Username: Player_10fe3fe4 | Total online: 1
[2026-06-13 20:42:59] DISCONNECT | Player disconnected | ID: 10fe3fe4-2401-4f94-8372-46a34ab344cf | Username: jiangaodong | Total online: 0
[2026-06-13 20:43:00] CONNECT | Player connected | ID: bcdae0bb-c4c4-41c3-ba0f-dcd378aa5987 | Username: Player_bcdae0bb | Total online: 1
[2026-06-13 20:49:45] CONNECT | Player connected | ID: a7353df0-7415-4510-b569-f518b426f855 | Username: Player_a7353df0 | Total online: 2
[2026-06-13 20:50:35] DISCONNECT | Player disconnected | ID: a7353df0-7415-4510-b569-f518b426f855 | Username: himanshu | Total online: 1
[2026-06-13 20:51:10] CONNECT | Player connected | ID: 4e76fadb-d341-4341-b758-df1b1ff4d5d6 | Username: Player_4e76fadb | Total online: 2
[2026-06-13 20:53:06] DISCONNECT | Player disconnected | ID: 4e76fadb-d341-4341-b758-df1b1ff4d5d6 | Username: himanshu | Total online: 1
[2026-06-13 20:53:12] CONNECT | Player connected | ID: c340c713-0a9f-4b8c-af44-d5e9fe15ac3f | Username: Player_c340c713 | Total online: 2
[2026-06-13 20:53:22] DISCONNECT | Player disconnected | ID: bcdae0bb-c4c4-41c3-ba0f-dcd378aa5987 | Username: jiangaodong | Total online: 1
[2026-06-13 20:53:35] DISCONNECT | Player disconnected | ID: c340c713-0a9f-4b8c-af44-d5e9fe15ac3f | Username: himanshu | Total online: 0
[2026-06-13 20:58:35] CONNECT | Player connected | ID: 9d575cdb-84be-4219-9541-546bca4f93d9 | Username: Player_9d575cdb | Total online: 1
[2026-06-13 21:00:36] DISCONNECT | Player disconnected | ID: 9d575cdb-84be-4219-9541-546bca4f93d9 | Username: himanshu | Total online: 0
[2026-06-13 21:00:50] CONNECT | Player connected | ID: 7d706acb-0d4f-4dc7-94ad-cca41c1a95ca | Username: Player_7d706acb | Total online: 1
[2026-06-13 21:02:54] DISCONNECT | Player disconnected | ID: 7d706acb-0d4f-4dc7-94ad-cca41c1a95ca | Username: himanshu | Total online: 0
[2026-06-13 21:09:50] CONNECT | Player connected | ID: ab34cb52-2af1-484b-b637-a4f3c502d7e7 | Username: Player_ab34cb52 | Total online: 1
[2026-06-13 21:10:36] DISCONNECT | Player disconnected | ID: ab34cb52-2af1-484b-b637-a4f3c502d7e7 | Username: himanshu | Total online: 0
[2026-06-13 21:11:44] CONNECT | Player connected | ID: 354f808d-f9f9-4709-a433-48e3150853d8 | Username: Player_354f808d | Total online: 1
[2026-06-13 21:14:10] DISCONNECT | Player disconnected | ID: 354f808d-f9f9-4709-a433-48e3150853d8 | Username: Not_To9Y | Total online: 0
[2026-06-13 21:15:22] CONNECT | Player connected | ID: 15838e82-118a-4ead-b2b9-248871bcb774 | Username: Player_15838e82 | Total online: 1
[2026-06-13 21:15:37] MESSAGE | Not_To9Y | ?
[2026-06-13 21:18:15] DISCONNECT | Player disconnected | ID: 15838e82-118a-4ead-b2b9-248871bcb774 | Username: Not_To9Y | Total online: 0
[2026-06-13 21:20:07] CONNECT | Player connected | ID: 80930b74-a190-49ff-8f5a-f938dfc5c187 | Username: Player_80930b74 | Total online: 1
[2026-06-13 21:20:19] DISCONNECT | Player disconnected | ID: 80930b74-a190-49ff-8f5a-f938dfc5c187 | Username: DESKTOP | Total online: 0
[2026-06-13 21:20:40] CONNECT | Player connected | ID: 063d8093-9cdd-427c-a186-fb45c776dcbb | Username: Player_063d8093 | Total online: 1
[2026-06-13 21:21:18] DISCONNECT | Player disconnected | ID: 063d8093-9cdd-427c-a186-fb45c776dcbb | Username: DESKTOP | Total online: 0
[2026-06-13 21:37:17] CONNECT | Player connected | ID: 78b28921-a1ee-49d0-89ec-8b2e9a758ab9 | Username: Player_78b28921 | Total online: 1
[2026-06-13 21:37:19] DISCONNECT | Player disconnected | ID: 78b28921-a1ee-49d0-89ec-8b2e9a758ab9 | Username: Player | Total online: 0
[2026-06-13 22:08:15] CONNECT | Player connected | ID: 42831d56-3537-4440-ad97-5c40d79901d6 | Username: Player_42831d56 | Total online: 1
[2026-06-13 22:09:23] DISCONNECT | Player disconnected | ID: 42831d56-3537-4440-ad97-5c40d79901d6 | Username: UserId | Total online: 0
[2026-06-13 22:29:10] CONNECT | Player connected | ID: 938a14fd-7e21-4a03-9da0-da9d3ca3c3ba | Username: Player_938a14fd | Total online: 1
[2026-06-13 22:29:12] DISCONNECT | Player disconnected | ID: 938a14fd-7e21-4a03-9da0-da9d3ca3c3ba | Username: UserId | Total online: 0
[2026-06-14 01:23:56] CONNECT | Player connected | ID: 709feab6-2299-4319-9a0e-34b182193bc0 | Username: Player_709feab6 | Total online: 1
[2026-06-14 01:26:01] DISCONNECT | Player disconnected | ID: 709feab6-2299-4319-9a0e-34b182193bc0 | Username: DESKTOP | Total online: 0
[2026-06-14 01:26:12] CONNECT | Player connected | ID: b1ba2a53-b7f8-4b2e-af4b-356b3b92c10e | Username: Player_b1ba2a53 | Total online: 1
[2026-06-14 01:26:36] DISCONNECT | Player disconnected | ID: b1ba2a53-b7f8-4b2e-af4b-356b3b92c10e | Username: DESKTOP | Total online: 0
[2026-06-14 01:26:36] CONNECT | Player connected | ID: 672cbe50-f3b5-4311-a18c-fb318b0b5fc1 | Username: Player_672cbe50 | Total online: 1
[2026-06-14 01:28:26] DISCONNECT | Player disconnected | ID: 672cbe50-f3b5-4311-a18c-fb318b0b5fc1 | Username: DESKTOP | Total online: 0
[2026-06-14 01:28:32] CONNECT | Player connected | ID: 92b11ada-976f-4c6f-8515-85f22fe8dee9 | Username: Player_92b11ada | Total online: 1
[2026-06-14 01:30:41] DISCONNECT | Player disconnected | ID: 92b11ada-976f-4c6f-8515-85f22fe8dee9 | Username: DESKTOP | Total online: 0
[2026-06-14 01:31:56] CONNECT | Player connected | ID: fff3d4e0-d95f-4437-98e6-6fc354368712 | Username: Player_fff3d4e0 | Total online: 1
[2026-06-14 01:32:29] DISCONNECT | Player disconnected | ID: fff3d4e0-d95f-4437-98e6-6fc354368712 | Username: CyTKaMu | Total online: 0
[2026-06-14 01:32:50] CONNECT | Player connected | ID: c982c93b-06d4-4eab-9039-44db17893174 | Username: Player_c982c93b | Total online: 1
[2026-06-14 01:36:02] DISCONNECT | Player disconnected | ID: c982c93b-06d4-4eab-9039-44db17893174 | Username: CyTKaMu | Total online: 0
[2026-06-14 01:41:09] CONNECT | Player connected | ID: a436d0c5-0d95-4abe-8f98-dca1a58e386d | Username: Player_a436d0c5 | Total online: 1
[2026-06-14 01:41:14] DISCONNECT | Player disconnected | ID: a436d0c5-0d95-4abe-8f98-dca1a58e386d | Username: CyTKaMu | Total online: 0
[2026-06-14 02:51:49] CONNECT | Player connected | ID: 64651856-63c6-4444-bc30-a8c42bf31506 | Username: Player_64651856 | Total online: 1
[2026-06-14 02:52:52] DISCONNECT | Player disconnected | ID: 64651856-63c6-4444-bc30-a8c42bf31506 | Username: dnch | Total online: 0
[2026-06-14 03:03:42] CONNECT | Player connected | ID: 60e8db68-3665-43a2-917e-aa261ddf939f | Username: Player_60e8db68 | Total online: 1
[2026-06-14 03:04:47] DISCONNECT | Player disconnected | ID: 60e8db68-3665-43a2-917e-aa261ddf939f | Username: dnch | Total online: 0
[2026-06-14 03:46:02] CONNECT | Player connected | ID: f19ec914-fd41-4baf-8f9e-e0b58017d60b | Username: Player_f19ec914 | Total online: 1
[2026-06-14 03:48:29] DISCONNECT | Player disconnected | ID: f19ec914-fd41-4baf-8f9e-e0b58017d60b | Username: dnch | Total online: 0
[2026-06-14 03:48:34] CONNECT | Player connected | ID: 36b4be18-8b67-4f40-93df-1f8b36461e85 | Username: Player_36b4be18 | Total online: 1
[2026-06-14 03:49:12] DISCONNECT | Player disconnected | ID: 36b4be18-8b67-4f40-93df-1f8b36461e85 | Username: dnch | Total online: 0
[2026-06-14 03:59:17] CONNECT | Player connected | ID: d9cc0f63-8468-4a6f-8862-445830b9d407 | Username: Player_d9cc0f63 | Total online: 1
[2026-06-14 04:02:27] DISCONNECT | Player disconnected | ID: d9cc0f63-8468-4a6f-8862-445830b9d407 | Username: dnch | Total online: 0
[2026-06-14 04:02:34] CONNECT | Player connected | ID: 6b89b9ef-684e-4a22-93cd-259559c76a5c | Username: Player_6b89b9ef | Total online: 1
[2026-06-14 04:03:33] DISCONNECT | Player disconnected | ID: 6b89b9ef-684e-4a22-93cd-259559c76a5c | Username: dnch | Total online: 0
[2026-06-14 04:25:52] CONNECT | Player connected | ID: 91e30ce8-48f7-411f-b51d-1f0dfbae7a54 | Username: Player_91e30ce8 | Total online: 1
[2026-06-14 04:26:50] DISCONNECT | Player disconnected | ID: 91e30ce8-48f7-411f-b51d-1f0dfbae7a54 | Username: dnch | Total online: 0
[2026-06-14 04:27:59] CONNECT | Player connected | ID: bd119c4d-807f-4ca5-af8b-7710bdb947c4 | Username: Player_bd119c4d | Total online: 1
[2026-06-14 04:31:42] DISCONNECT | Player disconnected | ID: bd119c4d-807f-4ca5-af8b-7710bdb947c4 | Username: dnch | Total online: 0
[2026-06-14 04:31:46] CONNECT | Player connected | ID: 0fd9768a-0792-468b-bc09-09f58ada5c3e | Username: Player_0fd9768a | Total online: 1
[2026-06-14 04:36:23] DISCONNECT | Player disconnected | ID: 0fd9768a-0792-468b-bc09-09f58ada5c3e | Username: dnch | Total online: 0
[2026-06-14 06:01:37] CONNECT | Player connected | ID: 33fe2926-e342-4562-b2be-db152db1d886 | Username: Player_33fe2926 | Total online: 1
[2026-06-14 06:02:34] DISCONNECT | Player disconnected | ID: 33fe2926-e342-4562-b2be-db152db1d886 | Username: dnch | Total online: 0
[2026-06-14 07:06:58] CONNECT | Player connected | ID: 720360a9-8711-4eb8-8bf9-4190c960c300 | Username: Player_720360a9 | Total online: 1
[2026-06-14 07:07:34] DISCONNECT | Player disconnected | ID: 720360a9-8711-4eb8-8bf9-4190c960c300 | Username: LAPTOP | Total online: 0
[2026-06-14 07:16:08] CONNECT | Player connected | ID: 3fa8aed1-f89c-498f-bb2e-86f444889db7 | Username: Player_3fa8aed1 | Total online: 1
[2026-06-14 07:16:38] DISCONNECT | Player disconnected | ID: 3fa8aed1-f89c-498f-bb2e-86f444889db7 | Username: LAPTOP | Total online: 0
[2026-06-14 13:02:54] CONNECT | Player connected | ID: 2255bdde-9978-4700-b6ed-b18d307afb31 | Username: Player_2255bdde | Total online: 1
[2026-06-14 13:06:34] DISCONNECT | Player disconnected | ID: 2255bdde-9978-4700-b6ed-b18d307afb31 | Username: DESKTOP | Total online: 0
[2026-06-14 13:07:26] CONNECT | Player connected | ID: 7f6b79d7-f118-4f7d-832c-9c2b84da2760 | Username: Player_7f6b79d7 | Total online: 1
[2026-06-14 13:07:59] MESSAGE | DESKTOP | 1
[2026-06-14 13:08:16] DISCONNECT | Player disconnected | ID: 7f6b79d7-f118-4f7d-832c-9c2b84da2760 | Username: DESKTOP | Total online: 0
[2026-06-14 13:18:22] CONNECT | Player connected | ID: 5ed95b31-e228-498a-b8d1-8813eb8280ad | Username: Player_5ed95b31 | Total online: 1
[2026-06-14 13:18:41] DISCONNECT | Player disconnected | ID: 5ed95b31-e228-498a-b8d1-8813eb8280ad | Username: DESKTOP | Total online: 0
[2026-06-14 13:46:26] CONNECT | Player connected | ID: 55e3a925-e76b-4ef4-8c67-6bf61b149779 | Username: Player_55e3a925 | Total online: 1
[2026-06-14 13:47:29] DISCONNECT | Player disconnected | ID: 55e3a925-e76b-4ef4-8c67-6bf61b149779 | Username: DESKTOP | Total online: 0
[2026-06-14 14:51:35] CONNECT | Player connected | ID: e45ce84c-39ef-4408-9531-261428bbba53 | Username: Player_e45ce84c | Total online: 1
[2026-06-14 14:51:40] DISCONNECT | Player disconnected | ID: e45ce84c-39ef-4408-9531-261428bbba53 | Username: Oprekin | Total online: 0
[2026-06-14 14:51:57] CONNECT | Player connected | ID: 700b42ce-156a-41c9-ae2c-197357b30994 | Username: Player_700b42ce | Total online: 1
[2026-06-14 14:53:56] DISCONNECT | Player disconnected | ID: 700b42ce-156a-41c9-ae2c-197357b30994 | Username: Oprekin | Total online: 0
[2026-06-14 14:53:59] CONNECT | Player connected | ID: 5bbe0cb0-fa2b-4bf5-acc8-b9128fe861c4 | Username: Player_5bbe0cb0 | Total online: 1
[2026-06-14 14:54:50] DISCONNECT | Player disconnected | ID: 5bbe0cb0-fa2b-4bf5-acc8-b9128fe861c4 | Username: Oprekin | Total online: 0
[2026-06-14 14:55:53] CONNECT | Player connected | ID: c2c7fb64-3d16-454a-bb01-b3a81d91e820 | Username: Player_c2c7fb64 | Total online: 1
[2026-06-14 14:56:13] DISCONNECT | Player disconnected | ID: c2c7fb64-3d16-454a-bb01-b3a81d91e820 | Username: Oprekin | Total online: 0

============================================================
[2026-06-14 15:46:32] Chat Server Started
============================================================

[2026-06-14 15:46:32] SERVER | Server started on ws://0.0.0.0:8765
